#! /opt/homebrew/Cellar/icarus-verilog/11.0/bin/vvp
:ivl_version "11.0 (stable)";
:ivl_delay_selection "TYPICAL";
:vpi_time_precision - 12;
:vpi_module "/opt/homebrew/Cellar/icarus-verilog/11.0/lib/ivl/system.vpi";
:vpi_module "/opt/homebrew/Cellar/icarus-verilog/11.0/lib/ivl/vhdl_sys.vpi";
:vpi_module "/opt/homebrew/Cellar/icarus-verilog/11.0/lib/ivl/vhdl_textio.vpi";
:vpi_module "/opt/homebrew/Cellar/icarus-verilog/11.0/lib/ivl/v2005_math.vpi";
:vpi_module "/opt/homebrew/Cellar/icarus-verilog/11.0/lib/ivl/va_math.vpi";
S_0x145608370 .scope module, "tb_test6" "tb_test6" 2 6;
 .timescale -9 -12;
v0x14561f0d0_0 .var "A", 0 0;
v0x14561f170_0 .var "B", 0 0;
v0x14561f220_0 .var "D", 2 0;
v0x14561f2f0_0 .net "Y", 0 0, v0x14561efd0_0;  1 drivers
S_0x145609930 .scope module, "u_test6" "test6" 2 16, 3 1 0, S_0x145608370;
 .timescale 0 0;
    .port_info 0 /INPUT 1 "A";
    .port_info 1 /INPUT 1 "B";
    .port_info 2 /INPUT 3 "D";
    .port_info 3 /OUTPUT 1 "Y";
v0x145609aa0_0 .net "A", 0 0, v0x14561f0d0_0;  1 drivers
v0x14561ee70_0 .net "B", 0 0, v0x14561f170_0;  1 drivers
v0x14561ef10_0 .net "D", 2 0, v0x14561f220_0;  1 drivers
v0x14561efd0_0 .var "Y", 0 0;
E_0x145608140 .event edge, v0x14561ee70_0, v0x14561ef10_0, v0x145609aa0_0;
    .scope S_0x145609930;
T_0 ;
    %wait E_0x145608140;
    %load/vec4 v0x14561ee70_0;
    %cmpi/e 1, 0, 1;
    %jmp/0xz  T_0.0, 4;
    %load/vec4 v0x14561ef10_0;
    %parti/s 1, 2, 3;
    %store/vec4 v0x14561efd0_0, 0, 1;
    %jmp T_0.1;
T_0.0 ;
    %load/vec4 v0x145609aa0_0;
    %inv;
    %load/vec4 v0x14561ef10_0;
    %parti/s 1, 0, 2;
    %and;
    %load/vec4 v0x145609aa0_0;
    %load/vec4 v0x14561ef10_0;
    %parti/s 1, 1, 2;
    %and;
    %add;
    %store/vec4 v0x14561efd0_0, 0, 1;
T_0.1 ;
    %jmp T_0;
    .thread T_0, $push;
    .scope S_0x145608370;
T_1 ;
    %pushi/vec4 0, 0, 1;
    %store/vec4 v0x14561f0d0_0, 0, 1;
    %pushi/vec4 0, 0, 1;
    %store/vec4 v0x14561f170_0, 0, 1;
    %pushi/vec4 0, 0, 3;
    %store/vec4 v0x14561f220_0, 0, 3;
    %end;
    .thread T_1;
    .scope S_0x145608370;
T_2 ;
    %vpi_call 2 26 "$dumpfile", "experiment6_wave.vcd" {0 0 0};
    %vpi_call 2 27 "$dumpvars", 32'sb00000000000000000000000000000000, S_0x145608370 {0 0 0};
    %end;
    .thread T_2;
    .scope S_0x145608370;
T_3 ;
    %pushi/vec4 1, 0, 3;
    %store/vec4 v0x14561f220_0, 0, 3;
    %delay 10000, 0;
    %pushi/vec4 1, 0, 1;
    %store/vec4 v0x14561f0d0_0, 0, 1;
    %pushi/vec4 2, 0, 3;
    %store/vec4 v0x14561f220_0, 0, 3;
    %delay 10000, 0;
    %pushi/vec4 1, 0, 1;
    %store/vec4 v0x14561f170_0, 0, 1;
    %pushi/vec4 4, 0, 3;
    %store/vec4 v0x14561f220_0, 0, 3;
    %pushi/vec4 0, 0, 1;
    %store/vec4 v0x14561f0d0_0, 0, 1;
    %delay 10000, 0;
    %pushi/vec4 1, 0, 1;
    %store/vec4 v0x14561f0d0_0, 0, 1;
    %delay 10000, 0;
    %vpi_call 2 37 "$finish" {0 0 0};
    %end;
    .thread T_3;
# The file index is used to find the file name in the following table.
:file_names 4;
    "N/A";
    "<interactive>";
    "texperiment6.v";
    "./experiment6.v";
