#! /opt/homebrew/Cellar/icarus-verilog/11.0/bin/vvp
:ivl_version "11.0 (stable)";
:ivl_delay_selection "TYPICAL";
:vpi_time_precision - 12;
:vpi_module "/opt/homebrew/Cellar/icarus-verilog/11.0/lib/ivl/system.vpi";
:vpi_module "/opt/homebrew/Cellar/icarus-verilog/11.0/lib/ivl/vhdl_sys.vpi";
:vpi_module "/opt/homebrew/Cellar/icarus-verilog/11.0/lib/ivl/vhdl_textio.vpi";
:vpi_module "/opt/homebrew/Cellar/icarus-verilog/11.0/lib/ivl/v2005_math.vpi";
:vpi_module "/opt/homebrew/Cellar/icarus-verilog/11.0/lib/ivl/va_math.vpi";
S_0x153e08210 .scope module, "tb_test4" "tb_test4" 2 6;
 .timescale -9 -12;
v0x153e68810_0 .net "ALUSrc", 0 0, L_0x153e6c1b0;  1 drivers
v0x153e688a0_0 .net "ALUop", 2 0, L_0x153e74c70;  1 drivers
v0x153e68930_0 .net "Branch", 0 0, L_0x153e70930;  1 drivers
v0x153e689c0_0 .net "ExtOp", 0 0, L_0x153e737f0;  1 drivers
v0x153e68a50_0 .net "Jump", 0 0, L_0x153e71bd0;  1 drivers
v0x153e68b20_0 .net "MemWrite", 0 0, L_0x153e6ff70;  1 drivers
v0x153e68bb0_0 .net "MemtoReg", 0 0, L_0x153e6ce70;  1 drivers
v0x153e68c60_0 .net "RegDst", 0 0, L_0x153e69d50;  1 drivers
v0x153e68d10_0 .net "RegWrite", 0 0, L_0x153e6f980;  1 drivers
v0x153e68e40_0 .var "op", 5 0;
S_0x153e08380 .scope module, "u_test4" "test4" 2 22, 3 1 0, S_0x153e08210;
 .timescale 0 0;
    .port_info 0 /INPUT 6 "op";
    .port_info 1 /OUTPUT 1 "RegDst";
    .port_info 2 /OUTPUT 1 "ALUSrc";
    .port_info 3 /OUTPUT 1 "MemtoReg";
    .port_info 4 /OUTPUT 1 "RegWrite";
    .port_info 5 /OUTPUT 1 "MemWrite";
    .port_info 6 /OUTPUT 1 "Branch";
    .port_info 7 /OUTPUT 1 "Jump";
    .port_info 8 /OUTPUT 1 "ExtOp";
    .port_info 9 /OUTPUT 3 "ALUop";
L_0x153e69250 .functor AND 1, L_0x153e68fb0, L_0x153e69150, C4<1>, C4<1>;
L_0x153e69550 .functor AND 1, L_0x153e69250, L_0x153e694b0, C4<1>, C4<1>;
L_0x153e69800 .functor AND 1, L_0x153e69550, L_0x153e69720, C4<1>, C4<1>;
L_0x153e69aa0 .functor AND 1, L_0x153e69800, L_0x153e699e0, C4<1>, C4<1>;
L_0x153e69d50 .functor AND 1, L_0x153e69aa0, L_0x153e69cb0, C4<1>, C4<1>;
L_0x153e6a280 .functor AND 1, L_0x153e69400, L_0x153e6a1e0, C4<1>, C4<1>;
L_0x153e6a4a0 .functor AND 1, L_0x153e6a280, L_0x153e6a370, C4<1>, C4<1>;
L_0x153e6a5f0 .functor AND 1, L_0x153e6a4a0, L_0x153e6a550, C4<1>, C4<1>;
L_0x153e6a8c0 .functor AND 1, L_0x153e6a5f0, L_0x153e6a820, C4<1>, C4<1>;
L_0x153e6ab50 .functor AND 1, L_0x153e6a8c0, L_0x153e6aa00, C4<1>, C4<1>;
L_0x153e6aaa0 .functor AND 1, L_0x153e6abc0, L_0x153e6adc0, C4<1>, C4<1>;
L_0x153e6ad00 .functor AND 1, L_0x153e6aaa0, L_0x153e6b1e0, C4<1>, C4<1>;
L_0x153e69f90 .functor AND 1, L_0x153e6ad00, L_0x153e6b440, C4<1>, C4<1>;
L_0x153e6b760 .functor AND 1, L_0x153e69f90, L_0x153e6b5d0, C4<1>, C4<1>;
L_0x153e6b7d0 .functor AND 1, L_0x153e6b760, L_0x153e6b3a0, C4<1>, C4<1>;
L_0x153e6bcf0 .functor AND 1, L_0x153e6bb40, L_0x153e6ba40, C4<1>, C4<1>;
L_0x153e6bbe0 .functor AND 1, L_0x153e6bcf0, L_0x153e6bda0, C4<1>, C4<1>;
L_0x153e6be40 .functor AND 1, L_0x153e6bbe0, L_0x153e6c090, C4<1>, C4<1>;
L_0x153e6bef0 .functor AND 1, L_0x153e6be40, L_0x153e6c260, C4<1>, C4<1>;
L_0x153e6bf60 .functor AND 1, L_0x153e6bef0, L_0x153e6c420, C4<1>, C4<1>;
L_0x153e6c780 .functor AND 1, L_0x153e6c6e0, L_0x153e6c560, C4<1>, C4<1>;
L_0x153e6c910 .functor AND 1, L_0x153e6c780, L_0x153e6cb20, C4<1>, C4<1>;
L_0x153e6cbc0 .functor AND 1, L_0x153e6c910, L_0x153e6cdd0, C4<1>, C4<1>;
L_0x153e6ccb0 .functor AND 1, L_0x153e6cbc0, L_0x153e6d0b0, C4<1>, C4<1>;
L_0x153e6ce70 .functor AND 1, L_0x153e6ccb0, L_0x153e6d150, C4<1>, C4<1>;
L_0x153e6d040 .functor AND 1, L_0x153e6cf60, L_0x153e6d290, C4<1>, C4<1>;
L_0x153e6afe0 .functor AND 1, L_0x153e6d040, L_0x153e6d5d0, C4<1>, C4<1>;
L_0x153e6d6b0 .functor AND 1, L_0x153e6afe0, L_0x153e6d370, C4<1>, C4<1>;
L_0x153e6d950 .functor AND 1, L_0x153e6d6b0, L_0x153e6db20, C4<1>, C4<1>;
L_0x153e6dc00 .functor AND 1, L_0x153e6d950, L_0x153e6d860, C4<1>, C4<1>;
L_0x153e6e050 .functor AND 1, L_0x153e6e0c0, L_0x153e6df70, C4<1>, C4<1>;
L_0x153e6ddd0 .functor AND 1, L_0x153e6e050, L_0x153e6e510, C4<1>, C4<1>;
L_0x153e6e690 .functor AND 1, L_0x153e6ddd0, L_0x153e6e5f0, C4<1>, C4<1>;
L_0x153e6e950 .functor AND 1, L_0x153e6e690, L_0x153e6e8b0, C4<1>, C4<1>;
L_0x153e6eae0 .functor AND 1, L_0x153e6e950, L_0x153e6ea40, C4<1>, C4<1>;
L_0x153e6efa0 .functor AND 1, L_0x153e6e160, L_0x153e6e2a0, C4<1>, C4<1>;
L_0x153e6ee30 .functor AND 1, L_0x153e6efa0, L_0x153e6ed50, C4<1>, C4<1>;
L_0x153e6ec90 .functor AND 1, L_0x153e6ee30, L_0x153e6f130, C4<1>, C4<1>;
L_0x153e6f2f0 .functor AND 1, L_0x153e6ec90, L_0x153e6f250, C4<1>, C4<1>;
L_0x153e6f420 .functor AND 1, L_0x153e6f2f0, L_0x153e6f380, C4<1>, C4<1>;
L_0x153e6f6d0 .functor AND 1, L_0x153e6f4b0, L_0x153e6f5f0, C4<1>, C4<1>;
L_0x153e6f860 .functor AND 1, L_0x153e6f6d0, L_0x153e6f7c0, C4<1>, C4<1>;
L_0x153e6fd00 .functor AND 1, L_0x153e6f860, L_0x153e6fc20, C4<1>, C4<1>;
L_0x153e6fec0 .functor AND 1, L_0x153e6fd00, L_0x153e6fe20, C4<1>, C4<1>;
L_0x153e6ff70 .functor AND 1, L_0x153e6fec0, L_0x153e70450, C4<1>, C4<1>;
L_0x153e70670 .functor AND 1, L_0x153e70350, L_0x153e70590, C4<1>, C4<1>;
L_0x153e70800 .functor AND 1, L_0x153e70670, L_0x153e70b90, C4<1>, C4<1>;
L_0x153e70a70 .functor AND 1, L_0x153e70800, L_0x153e700a0, C4<1>, C4<1>;
L_0x153e70cd0 .functor AND 1, L_0x153e70a70, L_0x153e70c30, C4<1>, C4<1>;
L_0x153e70930 .functor AND 1, L_0x153e70cd0, L_0x153e70e60, C4<1>, C4<1>;
L_0x153e717b0 .functor AND 1, L_0x153e71070, L_0x153e711f0, C4<1>, C4<1>;
L_0x153e71450 .functor AND 1, L_0x153e717b0, L_0x153e71370, C4<1>, C4<1>;
L_0x153e716e0 .functor AND 1, L_0x153e71450, L_0x153e71600, C4<1>, C4<1>;
L_0x153e71940 .functor AND 1, L_0x153e716e0, L_0x153e718a0, C4<1>, C4<1>;
L_0x153e71bd0 .functor AND 1, L_0x153e71940, L_0x153e71af0, C4<1>, C4<1>;
L_0x153e71f60 .functor AND 1, L_0x153e71d00, L_0x153e71e80, C4<1>, C4<1>;
L_0x153e721f0 .functor AND 1, L_0x153e71f60, L_0x153e72110, C4<1>, C4<1>;
L_0x153e72480 .functor AND 1, L_0x153e721f0, L_0x153e723a0, C4<1>, C4<1>;
L_0x153e72630 .functor AND 1, L_0x153e72480, L_0x153e72590, C4<1>, C4<1>;
L_0x153e727e0 .functor AND 1, L_0x153e72630, L_0x153e72740, C4<1>, C4<1>;
L_0x153e72b30 .functor AND 1, L_0x153e728f0, L_0x153e72a30, C4<1>, C4<1>;
L_0x153e72ce0 .functor AND 1, L_0x153e72b30, L_0x153e72c40, C4<1>, C4<1>;
L_0x153e72f70 .functor AND 1, L_0x153e72ce0, L_0x153e72e90, C4<1>, C4<1>;
L_0x153e73320 .functor AND 1, L_0x153e72f70, L_0x153e73280, C4<1>, C4<1>;
L_0x153e734d0 .functor AND 1, L_0x153e73320, L_0x153e73430, C4<1>, C4<1>;
L_0x153e73ae0 .functor AND 1, L_0x153e73120, L_0x153e73a40, C4<1>, C4<1>;
L_0x153e73d10 .functor AND 1, L_0x153e73ae0, L_0x153e73c30, C4<1>, C4<1>;
L_0x153e73680 .functor AND 1, L_0x153e73d10, L_0x153e735e0, C4<1>, C4<1>;
L_0x153e74160 .functor AND 1, L_0x153e73680, L_0x153e740c0, C4<1>, C4<1>;
L_0x153e73f80 .functor AND 1, L_0x153e74160, L_0x153e73ea0, C4<1>, C4<1>;
L_0x153e747e0 .functor AND 1, L_0x153e74560, L_0x153e746e0, C4<1>, C4<1>;
L_0x153e742b0 .functor AND 1, L_0x153e747e0, L_0x153e74210, C4<1>, C4<1>;
L_0x153e743c0 .functor AND 1, L_0x153e742b0, L_0x153e74b30, C4<1>, C4<1>;
L_0x153e74a70 .functor AND 1, L_0x153e743c0, L_0x153e74990, C4<1>, C4<1>;
L_0x153e74fe0 .functor AND 1, L_0x153e74a70, L_0x153e74f40, C4<1>, C4<1>;
L_0x153e75550 .functor AND 1, L_0x153e75330, L_0x153e75470, C4<1>, C4<1>;
L_0x153e757e0 .functor AND 1, L_0x153e75550, L_0x153e75700, C4<1>, C4<1>;
L_0x153e75250 .functor AND 1, L_0x153e757e0, L_0x153e75170, C4<1>, C4<1>;
L_0x153e75d20 .functor AND 1, L_0x153e75250, L_0x153e75c40, C4<1>, C4<1>;
L_0x153e75a70 .functor AND 1, L_0x153e75d20, L_0x153e75990, C4<1>, C4<1>;
v0x153e1bca0_0 .net "ALUSrc", 0 0, L_0x153e6c1b0;  alias, 1 drivers
v0x153e5e4a0_0 .net "ALUop", 2 0, L_0x153e74c70;  alias, 1 drivers
v0x153e5e540_0 .net "Branch", 0 0, L_0x153e70930;  alias, 1 drivers
v0x153e5e5f0_0 .net "ExtOp", 0 0, L_0x153e737f0;  alias, 1 drivers
v0x153e5e680_0 .net "Jump", 0 0, L_0x153e71bd0;  alias, 1 drivers
v0x153e5e760_0 .net "MemWrite", 0 0, L_0x153e6ff70;  alias, 1 drivers
v0x153e5e800_0 .net "MemtoReg", 0 0, L_0x153e6ce70;  alias, 1 drivers
v0x153e5e8a0_0 .net "RegDst", 0 0, L_0x153e69d50;  alias, 1 drivers
v0x153e5e940_0 .net "RegWrite", 0 0, L_0x153e6f980;  alias, 1 drivers
v0x153e5ea50_0 .net *"_ivl_1", 0 0, L_0x153e68ed0;  1 drivers
v0x153e5eaf0_0 .net *"_ivl_101", 0 0, L_0x153e6bda0;  1 drivers
v0x153e5eba0_0 .net *"_ivl_102", 0 0, L_0x153e6bbe0;  1 drivers
v0x153e5ec50_0 .net *"_ivl_105", 0 0, L_0x153e6bff0;  1 drivers
v0x153e5ed00_0 .net *"_ivl_107", 0 0, L_0x153e6c090;  1 drivers
v0x153e5eda0_0 .net *"_ivl_108", 0 0, L_0x153e6be40;  1 drivers
v0x153e5ee50_0 .net *"_ivl_11", 0 0, L_0x153e69360;  1 drivers
v0x153e5ef00_0 .net *"_ivl_111", 0 0, L_0x153e6c260;  1 drivers
v0x153e5f090_0 .net *"_ivl_112", 0 0, L_0x153e6bef0;  1 drivers
v0x153e5f120_0 .net *"_ivl_115", 0 0, L_0x153e6c420;  1 drivers
v0x153e5f1d0_0 .net *"_ivl_116", 0 0, L_0x153e6bf60;  1 drivers
v0x153e5f280_0 .net *"_ivl_121", 0 0, L_0x153e6c6e0;  1 drivers
v0x153e5f330_0 .net *"_ivl_123", 0 0, L_0x153e6c4c0;  1 drivers
v0x153e5f3e0_0 .net *"_ivl_125", 0 0, L_0x153e6c560;  1 drivers
v0x153e5f480_0 .net *"_ivl_126", 0 0, L_0x153e6c780;  1 drivers
v0x153e5f530_0 .net *"_ivl_129", 0 0, L_0x153e6c380;  1 drivers
v0x153e5f5e0_0 .net *"_ivl_13", 0 0, L_0x153e694b0;  1 drivers
v0x153e5f680_0 .net *"_ivl_131", 0 0, L_0x153e6cb20;  1 drivers
v0x153e5f720_0 .net *"_ivl_132", 0 0, L_0x153e6c910;  1 drivers
v0x153e5f7d0_0 .net *"_ivl_135", 0 0, L_0x153e6cd30;  1 drivers
v0x153e5f880_0 .net *"_ivl_137", 0 0, L_0x153e6cdd0;  1 drivers
v0x153e5f920_0 .net *"_ivl_138", 0 0, L_0x153e6cbc0;  1 drivers
v0x153e5f9d0_0 .net *"_ivl_14", 0 0, L_0x153e69550;  1 drivers
v0x153e5fa80_0 .net *"_ivl_141", 0 0, L_0x153e6d0b0;  1 drivers
v0x153e5efb0_0 .net *"_ivl_142", 0 0, L_0x153e6ccb0;  1 drivers
v0x153e5fd10_0 .net *"_ivl_145", 0 0, L_0x153e6d150;  1 drivers
v0x153e5fda0_0 .net *"_ivl_149", 0 0, L_0x153e6d450;  1 drivers
v0x153e5fe40_0 .net *"_ivl_151", 0 0, L_0x153e6cf60;  1 drivers
v0x153e5fee0_0 .net *"_ivl_153", 0 0, L_0x153e6d1f0;  1 drivers
v0x153e5ff90_0 .net *"_ivl_155", 0 0, L_0x153e6d290;  1 drivers
v0x153e60030_0 .net *"_ivl_156", 0 0, L_0x153e6d040;  1 drivers
v0x153e600e0_0 .net *"_ivl_159", 0 0, L_0x153e6d530;  1 drivers
v0x153e60190_0 .net *"_ivl_161", 0 0, L_0x153e6d5d0;  1 drivers
v0x153e60230_0 .net *"_ivl_162", 0 0, L_0x153e6afe0;  1 drivers
v0x153e602e0_0 .net *"_ivl_165", 0 0, L_0x153e6b0d0;  1 drivers
v0x153e60390_0 .net *"_ivl_167", 0 0, L_0x153e6d370;  1 drivers
v0x153e60430_0 .net *"_ivl_168", 0 0, L_0x153e6d6b0;  1 drivers
v0x153e604e0_0 .net *"_ivl_17", 0 0, L_0x153e69640;  1 drivers
v0x153e60590_0 .net *"_ivl_171", 0 0, L_0x153e6d7a0;  1 drivers
v0x153e60640_0 .net *"_ivl_173", 0 0, L_0x153e6db20;  1 drivers
v0x153e606e0_0 .net *"_ivl_174", 0 0, L_0x153e6d950;  1 drivers
v0x153e60790_0 .net *"_ivl_177", 0 0, L_0x153e6da40;  1 drivers
v0x153e60840_0 .net *"_ivl_179", 0 0, L_0x153e6d860;  1 drivers
v0x153e608e0_0 .net *"_ivl_180", 0 0, L_0x153e6dc00;  1 drivers
v0x153e60990_0 .net *"_ivl_183", 0 0, L_0x153e6dcf0;  1 drivers
v0x153e60a40_0 .net *"_ivl_185", 0 0, L_0x153e6e0c0;  1 drivers
v0x153e60ae0_0 .net *"_ivl_187", 0 0, L_0x153e6ded0;  1 drivers
v0x153e60b90_0 .net *"_ivl_189", 0 0, L_0x153e6df70;  1 drivers
v0x153e60c30_0 .net *"_ivl_19", 0 0, L_0x153e69720;  1 drivers
v0x153e60cd0_0 .net *"_ivl_190", 0 0, L_0x153e6e050;  1 drivers
v0x153e60d80_0 .net *"_ivl_193", 0 0, L_0x153e6e510;  1 drivers
v0x153e60e30_0 .net *"_ivl_194", 0 0, L_0x153e6ddd0;  1 drivers
v0x153e60ee0_0 .net *"_ivl_197", 0 0, L_0x153e6e5f0;  1 drivers
v0x153e60f90_0 .net *"_ivl_198", 0 0, L_0x153e6e690;  1 drivers
v0x153e61040_0 .net *"_ivl_20", 0 0, L_0x153e69800;  1 drivers
v0x153e610f0_0 .net *"_ivl_201", 0 0, L_0x153e6e410;  1 drivers
v0x153e5fb30_0 .net *"_ivl_203", 0 0, L_0x153e6e8b0;  1 drivers
v0x153e5fbd0_0 .net *"_ivl_204", 0 0, L_0x153e6e950;  1 drivers
v0x153e5fc80_0 .net *"_ivl_207", 0 0, L_0x153e6ea40;  1 drivers
v0x153e611a0_0 .net *"_ivl_208", 0 0, L_0x153e6eae0;  1 drivers
v0x153e61250_0 .net *"_ivl_210", 0 0, L_0x153e6e7a0;  1 drivers
v0x153e61300_0 .net *"_ivl_213", 0 0, L_0x153e6e160;  1 drivers
v0x153e613b0_0 .net *"_ivl_215", 0 0, L_0x153e6e200;  1 drivers
v0x153e61460_0 .net *"_ivl_217", 0 0, L_0x153e6e2a0;  1 drivers
v0x153e61500_0 .net *"_ivl_218", 0 0, L_0x153e6efa0;  1 drivers
v0x153e615b0_0 .net *"_ivl_221", 0 0, L_0x153e6f090;  1 drivers
v0x153e61660_0 .net *"_ivl_223", 0 0, L_0x153e6ed50;  1 drivers
v0x153e61700_0 .net *"_ivl_224", 0 0, L_0x153e6ee30;  1 drivers
v0x153e617b0_0 .net *"_ivl_227", 0 0, L_0x153e6ebf0;  1 drivers
v0x153e61860_0 .net *"_ivl_229", 0 0, L_0x153e6f130;  1 drivers
v0x153e61900_0 .net *"_ivl_23", 0 0, L_0x153e698f0;  1 drivers
v0x153e619b0_0 .net *"_ivl_230", 0 0, L_0x153e6ec90;  1 drivers
v0x153e61a60_0 .net *"_ivl_233", 0 0, L_0x153e6f250;  1 drivers
v0x153e61b10_0 .net *"_ivl_234", 0 0, L_0x153e6f2f0;  1 drivers
v0x153e61bc0_0 .net *"_ivl_237", 0 0, L_0x153e6f380;  1 drivers
v0x153e61c70_0 .net *"_ivl_238", 0 0, L_0x153e6f420;  1 drivers
v0x153e61d20_0 .net *"_ivl_243", 0 0, L_0x153e6f4b0;  1 drivers
v0x153e61dd0_0 .net *"_ivl_245", 0 0, L_0x153e6f550;  1 drivers
v0x153e61e80_0 .net *"_ivl_247", 0 0, L_0x153e6f5f0;  1 drivers
v0x153e61f20_0 .net *"_ivl_248", 0 0, L_0x153e6f6d0;  1 drivers
v0x153e61fd0_0 .net *"_ivl_25", 0 0, L_0x153e699e0;  1 drivers
v0x153e62070_0 .net *"_ivl_251", 0 0, L_0x153e6f7c0;  1 drivers
v0x153e62120_0 .net *"_ivl_252", 0 0, L_0x153e6f860;  1 drivers
v0x153e621d0_0 .net *"_ivl_255", 0 0, L_0x153e6fb80;  1 drivers
v0x153e62280_0 .net *"_ivl_257", 0 0, L_0x153e6fc20;  1 drivers
v0x153e62320_0 .net *"_ivl_258", 0 0, L_0x153e6fd00;  1 drivers
v0x153e623d0_0 .net *"_ivl_26", 0 0, L_0x153e69aa0;  1 drivers
v0x153e62480_0 .net *"_ivl_261", 0 0, L_0x153e6fe20;  1 drivers
v0x153e62530_0 .net *"_ivl_262", 0 0, L_0x153e6fec0;  1 drivers
v0x153e625e0_0 .net *"_ivl_265", 0 0, L_0x153e70450;  1 drivers
v0x153e62690_0 .net *"_ivl_269", 0 0, L_0x153e702b0;  1 drivers
v0x153e62740_0 .net *"_ivl_271", 0 0, L_0x153e70350;  1 drivers
v0x153e627e0_0 .net *"_ivl_273", 0 0, L_0x153e704f0;  1 drivers
v0x153e62890_0 .net *"_ivl_275", 0 0, L_0x153e70590;  1 drivers
v0x153e62930_0 .net *"_ivl_276", 0 0, L_0x153e70670;  1 drivers
v0x153e629e0_0 .net *"_ivl_279", 0 0, L_0x153e70af0;  1 drivers
v0x153e62a90_0 .net *"_ivl_281", 0 0, L_0x153e70b90;  1 drivers
v0x153e62b30_0 .net *"_ivl_282", 0 0, L_0x153e70800;  1 drivers
v0x153e62be0_0 .net *"_ivl_285", 0 0, L_0x153e700a0;  1 drivers
v0x153e62c90_0 .net *"_ivl_286", 0 0, L_0x153e70a70;  1 drivers
v0x153e62d40_0 .net *"_ivl_289", 0 0, L_0x153e70f30;  1 drivers
v0x153e62df0_0 .net *"_ivl_29", 0 0, L_0x153e69bb0;  1 drivers
v0x153e62ea0_0 .net *"_ivl_291", 0 0, L_0x153e70c30;  1 drivers
v0x153e62f40_0 .net *"_ivl_292", 0 0, L_0x153e70cd0;  1 drivers
v0x153e62ff0_0 .net *"_ivl_295", 0 0, L_0x153e70dc0;  1 drivers
v0x153e630a0_0 .net *"_ivl_297", 0 0, L_0x153e70e60;  1 drivers
v0x153e63140_0 .net *"_ivl_3", 0 0, L_0x153e68fb0;  1 drivers
v0x153e631e0_0 .net *"_ivl_301", 0 0, L_0x153e70fd0;  1 drivers
v0x153e63290_0 .net *"_ivl_303", 0 0, L_0x153e71070;  1 drivers
v0x153e63330_0 .net *"_ivl_305", 0 0, L_0x153e71150;  1 drivers
v0x153e633e0_0 .net *"_ivl_307", 0 0, L_0x153e711f0;  1 drivers
v0x153e63480_0 .net *"_ivl_308", 0 0, L_0x153e717b0;  1 drivers
v0x153e63530_0 .net *"_ivl_31", 0 0, L_0x153e69cb0;  1 drivers
v0x153e635d0_0 .net *"_ivl_311", 0 0, L_0x153e712d0;  1 drivers
v0x153e63680_0 .net *"_ivl_313", 0 0, L_0x153e71370;  1 drivers
v0x153e63720_0 .net *"_ivl_314", 0 0, L_0x153e71450;  1 drivers
v0x153e637d0_0 .net *"_ivl_317", 0 0, L_0x153e71560;  1 drivers
v0x153e63880_0 .net *"_ivl_319", 0 0, L_0x153e71600;  1 drivers
v0x153e63920_0 .net *"_ivl_320", 0 0, L_0x153e716e0;  1 drivers
v0x153e639d0_0 .net *"_ivl_323", 0 0, L_0x153e718a0;  1 drivers
v0x153e63a80_0 .net *"_ivl_324", 0 0, L_0x153e71940;  1 drivers
v0x153e63b30_0 .net *"_ivl_327", 0 0, L_0x153e71a50;  1 drivers
v0x153e63be0_0 .net *"_ivl_329", 0 0, L_0x153e71af0;  1 drivers
v0x153e63c80_0 .net *"_ivl_333", 0 0, L_0x153e71d00;  1 drivers
v0x153e63d30_0 .net *"_ivl_335", 0 0, L_0x153e71de0;  1 drivers
v0x153e63de0_0 .net *"_ivl_337", 0 0, L_0x153e71e80;  1 drivers
v0x153e63e80_0 .net *"_ivl_338", 0 0, L_0x153e71f60;  1 drivers
v0x153e63f30_0 .net *"_ivl_341", 0 0, L_0x153e72070;  1 drivers
v0x153e63fe0_0 .net *"_ivl_343", 0 0, L_0x153e72110;  1 drivers
v0x153e64080_0 .net *"_ivl_344", 0 0, L_0x153e721f0;  1 drivers
v0x153e64130_0 .net *"_ivl_347", 0 0, L_0x153e72300;  1 drivers
v0x153e641e0_0 .net *"_ivl_349", 0 0, L_0x153e723a0;  1 drivers
v0x153e64280_0 .net *"_ivl_35", 0 0, L_0x153e69eb0;  1 drivers
v0x153e64330_0 .net *"_ivl_350", 0 0, L_0x153e72480;  1 drivers
v0x153e643e0_0 .net *"_ivl_353", 0 0, L_0x153e72590;  1 drivers
v0x153e64490_0 .net *"_ivl_354", 0 0, L_0x153e72630;  1 drivers
v0x153e64540_0 .net *"_ivl_357", 0 0, L_0x153e72740;  1 drivers
v0x153e645f0_0 .net *"_ivl_358", 0 0, L_0x153e727e0;  1 drivers
v0x153e646a0_0 .net *"_ivl_361", 0 0, L_0x153e728f0;  1 drivers
v0x153e64750_0 .net *"_ivl_363", 0 0, L_0x153e72990;  1 drivers
v0x153e64800_0 .net *"_ivl_365", 0 0, L_0x153e72a30;  1 drivers
v0x153e648a0_0 .net *"_ivl_366", 0 0, L_0x153e72b30;  1 drivers
v0x153e64950_0 .net *"_ivl_369", 0 0, L_0x153e72c40;  1 drivers
v0x153e64a00_0 .net *"_ivl_37", 0 0, L_0x153e69400;  1 drivers
v0x153e64aa0_0 .net *"_ivl_370", 0 0, L_0x153e72ce0;  1 drivers
v0x153e64b50_0 .net *"_ivl_373", 0 0, L_0x153e72df0;  1 drivers
v0x153e64c00_0 .net *"_ivl_375", 0 0, L_0x153e72e90;  1 drivers
v0x153e64ca0_0 .net *"_ivl_376", 0 0, L_0x153e72f70;  1 drivers
v0x153e64d50_0 .net *"_ivl_379", 0 0, L_0x153e73280;  1 drivers
v0x153e64e00_0 .net *"_ivl_380", 0 0, L_0x153e73320;  1 drivers
v0x153e64eb0_0 .net *"_ivl_383", 0 0, L_0x153e73430;  1 drivers
v0x153e64f60_0 .net *"_ivl_384", 0 0, L_0x153e734d0;  1 drivers
v0x153e65010_0 .net *"_ivl_39", 0 0, L_0x153e6a0c0;  1 drivers
v0x153e650c0_0 .net *"_ivl_391", 0 0, L_0x153e73080;  1 drivers
v0x153e65170_0 .net *"_ivl_393", 0 0, L_0x153e73120;  1 drivers
v0x153e65210_0 .net *"_ivl_395", 0 0, L_0x153e739a0;  1 drivers
v0x153e652c0_0 .net *"_ivl_397", 0 0, L_0x153e73a40;  1 drivers
v0x153e65360_0 .net *"_ivl_398", 0 0, L_0x153e73ae0;  1 drivers
v0x153e65410_0 .net *"_ivl_401", 0 0, L_0x153e73b90;  1 drivers
v0x153e654c0_0 .net *"_ivl_403", 0 0, L_0x153e73c30;  1 drivers
v0x153e65560_0 .net *"_ivl_404", 0 0, L_0x153e73d10;  1 drivers
v0x153e65610_0 .net *"_ivl_407", 0 0, L_0x153e735e0;  1 drivers
v0x153e656c0_0 .net *"_ivl_408", 0 0, L_0x153e73680;  1 drivers
v0x153e65770_0 .net *"_ivl_41", 0 0, L_0x153e6a1e0;  1 drivers
v0x153e65810_0 .net *"_ivl_411", 0 0, L_0x153e74020;  1 drivers
v0x153e658c0_0 .net *"_ivl_413", 0 0, L_0x153e740c0;  1 drivers
v0x153e65960_0 .net *"_ivl_414", 0 0, L_0x153e74160;  1 drivers
v0x153e65a10_0 .net *"_ivl_417", 0 0, L_0x153e73e00;  1 drivers
v0x153e65ac0_0 .net *"_ivl_419", 0 0, L_0x153e73ea0;  1 drivers
v0x153e65b60_0 .net *"_ivl_42", 0 0, L_0x153e6a280;  1 drivers
v0x153e65c10_0 .net *"_ivl_420", 0 0, L_0x153e73f80;  1 drivers
v0x153e65cc0_0 .net *"_ivl_425", 0 0, L_0x153e744c0;  1 drivers
v0x153e65d70_0 .net *"_ivl_427", 0 0, L_0x153e74560;  1 drivers
v0x153e65e10_0 .net *"_ivl_429", 0 0, L_0x153e74640;  1 drivers
v0x153e65ec0_0 .net *"_ivl_431", 0 0, L_0x153e746e0;  1 drivers
v0x153e65f60_0 .net *"_ivl_432", 0 0, L_0x153e747e0;  1 drivers
v0x153e66010_0 .net *"_ivl_435", 0 0, L_0x153e74210;  1 drivers
v0x153e660c0_0 .net *"_ivl_436", 0 0, L_0x153e742b0;  1 drivers
v0x153e66170_0 .net *"_ivl_439", 0 0, L_0x153e74b30;  1 drivers
v0x153e66220_0 .net *"_ivl_440", 0 0, L_0x153e743c0;  1 drivers
v0x153e662d0_0 .net *"_ivl_443", 0 0, L_0x153e748f0;  1 drivers
v0x153e66380_0 .net *"_ivl_445", 0 0, L_0x153e74990;  1 drivers
v0x153e66420_0 .net *"_ivl_446", 0 0, L_0x153e74a70;  1 drivers
v0x153e664d0_0 .net *"_ivl_449", 0 0, L_0x153e74f40;  1 drivers
v0x153e66580_0 .net *"_ivl_45", 0 0, L_0x153e6a370;  1 drivers
v0x153e66630_0 .net *"_ivl_450", 0 0, L_0x153e74fe0;  1 drivers
v0x153e666e0_0 .net *"_ivl_456", 0 0, L_0x153e74dd0;  1 drivers
v0x153e66790_0 .net *"_ivl_458", 0 0, L_0x153e75330;  1 drivers
v0x153e66830_0 .net *"_ivl_46", 0 0, L_0x153e6a4a0;  1 drivers
v0x153e668e0_0 .net *"_ivl_460", 0 0, L_0x153e753d0;  1 drivers
v0x153e66990_0 .net *"_ivl_462", 0 0, L_0x153e75470;  1 drivers
v0x153e66a30_0 .net *"_ivl_463", 0 0, L_0x153e75550;  1 drivers
v0x153e66ae0_0 .net *"_ivl_466", 0 0, L_0x153e75660;  1 drivers
v0x153e66b90_0 .net *"_ivl_468", 0 0, L_0x153e75700;  1 drivers
v0x153e66c30_0 .net *"_ivl_469", 0 0, L_0x153e757e0;  1 drivers
v0x153e66ce0_0 .net *"_ivl_472", 0 0, L_0x153e750d0;  1 drivers
v0x153e66d90_0 .net *"_ivl_474", 0 0, L_0x153e75170;  1 drivers
v0x153e66e30_0 .net *"_ivl_475", 0 0, L_0x153e75250;  1 drivers
v0x153e66ee0_0 .net *"_ivl_478", 0 0, L_0x153e75ba0;  1 drivers
v0x153e66f90_0 .net *"_ivl_480", 0 0, L_0x153e75c40;  1 drivers
v0x153e67030_0 .net *"_ivl_481", 0 0, L_0x153e75d20;  1 drivers
v0x153e670e0_0 .net *"_ivl_484", 0 0, L_0x153e758f0;  1 drivers
v0x153e67190_0 .net *"_ivl_486", 0 0, L_0x153e75990;  1 drivers
v0x153e67230_0 .net *"_ivl_487", 0 0, L_0x153e75a70;  1 drivers
v0x153e672e0_0 .net *"_ivl_49", 0 0, L_0x153e6a550;  1 drivers
v0x153e67390_0 .net *"_ivl_5", 0 0, L_0x153e69090;  1 drivers
v0x153e67440_0 .net *"_ivl_50", 0 0, L_0x153e6a5f0;  1 drivers
v0x153e674f0_0 .net *"_ivl_53", 0 0, L_0x153e6a6e0;  1 drivers
v0x153e675a0_0 .net *"_ivl_55", 0 0, L_0x153e6a820;  1 drivers
v0x153e67640_0 .net *"_ivl_56", 0 0, L_0x153e6a8c0;  1 drivers
v0x153e676f0_0 .net *"_ivl_59", 0 0, L_0x153e6aa00;  1 drivers
v0x153e677a0_0 .net *"_ivl_60", 0 0, L_0x153e6ab50;  1 drivers
v0x153e67850_0 .net *"_ivl_63", 0 0, L_0x153e6abc0;  1 drivers
v0x153e67900_0 .net *"_ivl_65", 0 0, L_0x153e6ac60;  1 drivers
v0x153e679b0_0 .net *"_ivl_67", 0 0, L_0x153e6adc0;  1 drivers
v0x153e67a50_0 .net *"_ivl_68", 0 0, L_0x153e6aaa0;  1 drivers
v0x153e67b00_0 .net *"_ivl_7", 0 0, L_0x153e69150;  1 drivers
v0x153e67ba0_0 .net *"_ivl_71", 0 0, L_0x153e6af40;  1 drivers
v0x153e67c50_0 .net *"_ivl_73", 0 0, L_0x153e6b1e0;  1 drivers
v0x153e67cf0_0 .net *"_ivl_74", 0 0, L_0x153e6ad00;  1 drivers
v0x153e67da0_0 .net *"_ivl_77", 0 0, L_0x153e6b2c0;  1 drivers
v0x153e67e50_0 .net *"_ivl_79", 0 0, L_0x153e6b440;  1 drivers
v0x153e67ef0_0 .net *"_ivl_8", 0 0, L_0x153e69250;  1 drivers
v0x153e67fa0_0 .net *"_ivl_80", 0 0, L_0x153e69f90;  1 drivers
v0x153e68050_0 .net *"_ivl_83", 0 0, L_0x153e6b5d0;  1 drivers
v0x153e68100_0 .net *"_ivl_84", 0 0, L_0x153e6b760;  1 drivers
v0x153e681b0_0 .net *"_ivl_87", 0 0, L_0x153e6b3a0;  1 drivers
v0x153e68260_0 .net *"_ivl_88", 0 0, L_0x153e6b7d0;  1 drivers
v0x153e68310_0 .net *"_ivl_90", 0 0, L_0x153e6b940;  1 drivers
v0x153e683c0_0 .net *"_ivl_93", 0 0, L_0x153e6bb40;  1 drivers
v0x153e68470_0 .net *"_ivl_95", 0 0, L_0x153e6b670;  1 drivers
v0x153e68520_0 .net *"_ivl_97", 0 0, L_0x153e6ba40;  1 drivers
v0x153e685c0_0 .net *"_ivl_98", 0 0, L_0x153e6bcf0;  1 drivers
v0x153e68670_0 .net "op", 5 0, v0x153e68e40_0;  1 drivers
L_0x153e68ed0 .part v0x153e68e40_0, 5, 1;
L_0x153e68fb0 .reduce/nor L_0x153e68ed0;
L_0x153e69090 .part v0x153e68e40_0, 4, 1;
L_0x153e69150 .reduce/nor L_0x153e69090;
L_0x153e69360 .part v0x153e68e40_0, 3, 1;
L_0x153e694b0 .reduce/nor L_0x153e69360;
L_0x153e69640 .part v0x153e68e40_0, 2, 1;
L_0x153e69720 .reduce/nor L_0x153e69640;
L_0x153e698f0 .part v0x153e68e40_0, 1, 1;
L_0x153e699e0 .reduce/nor L_0x153e698f0;
L_0x153e69bb0 .part v0x153e68e40_0, 0, 1;
L_0x153e69cb0 .reduce/nor L_0x153e69bb0;
L_0x153e69eb0 .part v0x153e68e40_0, 5, 1;
L_0x153e69400 .reduce/nor L_0x153e69eb0;
L_0x153e6a0c0 .part v0x153e68e40_0, 4, 1;
L_0x153e6a1e0 .reduce/nor L_0x153e6a0c0;
L_0x153e6a370 .part v0x153e68e40_0, 3, 1;
L_0x153e6a550 .part v0x153e68e40_0, 2, 1;
L_0x153e6a6e0 .part v0x153e68e40_0, 1, 1;
L_0x153e6a820 .reduce/nor L_0x153e6a6e0;
L_0x153e6aa00 .part v0x153e68e40_0, 0, 1;
L_0x153e6abc0 .part v0x153e68e40_0, 5, 1;
L_0x153e6ac60 .part v0x153e68e40_0, 4, 1;
L_0x153e6adc0 .reduce/nor L_0x153e6ac60;
L_0x153e6af40 .part v0x153e68e40_0, 3, 1;
L_0x153e6b1e0 .reduce/nor L_0x153e6af40;
L_0x153e6b2c0 .part v0x153e68e40_0, 2, 1;
L_0x153e6b440 .reduce/nor L_0x153e6b2c0;
L_0x153e6b5d0 .part v0x153e68e40_0, 1, 1;
L_0x153e6b3a0 .part v0x153e68e40_0, 0, 1;
L_0x153e6b940 .arith/sum 1, L_0x153e6ab50, L_0x153e6b7d0;
L_0x153e6bb40 .part v0x153e68e40_0, 5, 1;
L_0x153e6b670 .part v0x153e68e40_0, 4, 1;
L_0x153e6ba40 .reduce/nor L_0x153e6b670;
L_0x153e6bda0 .part v0x153e68e40_0, 3, 1;
L_0x153e6bff0 .part v0x153e68e40_0, 2, 1;
L_0x153e6c090 .reduce/nor L_0x153e6bff0;
L_0x153e6c260 .part v0x153e68e40_0, 1, 1;
L_0x153e6c420 .part v0x153e68e40_0, 0, 1;
L_0x153e6c1b0 .arith/sum 1, L_0x153e6b940, L_0x153e6bf60;
L_0x153e6c6e0 .part v0x153e68e40_0, 5, 1;
L_0x153e6c4c0 .part v0x153e68e40_0, 4, 1;
L_0x153e6c560 .reduce/nor L_0x153e6c4c0;
L_0x153e6c380 .part v0x153e68e40_0, 3, 1;
L_0x153e6cb20 .reduce/nor L_0x153e6c380;
L_0x153e6cd30 .part v0x153e68e40_0, 2, 1;
L_0x153e6cdd0 .reduce/nor L_0x153e6cd30;
L_0x153e6d0b0 .part v0x153e68e40_0, 1, 1;
L_0x153e6d150 .part v0x153e68e40_0, 0, 1;
L_0x153e6d450 .part v0x153e68e40_0, 5, 1;
L_0x153e6cf60 .reduce/nor L_0x153e6d450;
L_0x153e6d1f0 .part v0x153e68e40_0, 4, 1;
L_0x153e6d290 .reduce/nor L_0x153e6d1f0;
L_0x153e6d530 .part v0x153e68e40_0, 3, 1;
L_0x153e6d5d0 .reduce/nor L_0x153e6d530;
L_0x153e6b0d0 .part v0x153e68e40_0, 2, 1;
L_0x153e6d370 .reduce/nor L_0x153e6b0d0;
L_0x153e6d7a0 .part v0x153e68e40_0, 1, 1;
L_0x153e6db20 .reduce/nor L_0x153e6d7a0;
L_0x153e6da40 .part v0x153e68e40_0, 0, 1;
L_0x153e6d860 .reduce/nor L_0x153e6da40;
L_0x153e6dcf0 .part v0x153e68e40_0, 5, 1;
L_0x153e6e0c0 .reduce/nor L_0x153e6dcf0;
L_0x153e6ded0 .part v0x153e68e40_0, 4, 1;
L_0x153e6df70 .reduce/nor L_0x153e6ded0;
L_0x153e6e510 .part v0x153e68e40_0, 3, 1;
L_0x153e6e5f0 .part v0x153e68e40_0, 2, 1;
L_0x153e6e410 .part v0x153e68e40_0, 1, 1;
L_0x153e6e8b0 .reduce/nor L_0x153e6e410;
L_0x153e6ea40 .part v0x153e68e40_0, 0, 1;
L_0x153e6e7a0 .arith/sum 1, L_0x153e6dc00, L_0x153e6eae0;
L_0x153e6e160 .part v0x153e68e40_0, 5, 1;
L_0x153e6e200 .part v0x153e68e40_0, 4, 1;
L_0x153e6e2a0 .reduce/nor L_0x153e6e200;
L_0x153e6f090 .part v0x153e68e40_0, 3, 1;
L_0x153e6ed50 .reduce/nor L_0x153e6f090;
L_0x153e6ebf0 .part v0x153e68e40_0, 2, 1;
L_0x153e6f130 .reduce/nor L_0x153e6ebf0;
L_0x153e6f250 .part v0x153e68e40_0, 1, 1;
L_0x153e6f380 .part v0x153e68e40_0, 0, 1;
L_0x153e6f980 .arith/sum 1, L_0x153e6e7a0, L_0x153e6f420;
L_0x153e6f4b0 .part v0x153e68e40_0, 5, 1;
L_0x153e6f550 .part v0x153e68e40_0, 4, 1;
L_0x153e6f5f0 .reduce/nor L_0x153e6f550;
L_0x153e6f7c0 .part v0x153e68e40_0, 3, 1;
L_0x153e6fb80 .part v0x153e68e40_0, 2, 1;
L_0x153e6fc20 .reduce/nor L_0x153e6fb80;
L_0x153e6fe20 .part v0x153e68e40_0, 1, 1;
L_0x153e70450 .part v0x153e68e40_0, 0, 1;
L_0x153e702b0 .part v0x153e68e40_0, 5, 1;
L_0x153e70350 .reduce/nor L_0x153e702b0;
L_0x153e704f0 .part v0x153e68e40_0, 4, 1;
L_0x153e70590 .reduce/nor L_0x153e704f0;
L_0x153e70af0 .part v0x153e68e40_0, 3, 1;
L_0x153e70b90 .reduce/nor L_0x153e70af0;
L_0x153e700a0 .part v0x153e68e40_0, 2, 1;
L_0x153e70f30 .part v0x153e68e40_0, 1, 1;
L_0x153e70c30 .reduce/nor L_0x153e70f30;
L_0x153e70dc0 .part v0x153e68e40_0, 0, 1;
L_0x153e70e60 .reduce/nor L_0x153e70dc0;
L_0x153e70fd0 .part v0x153e68e40_0, 5, 1;
L_0x153e71070 .reduce/nor L_0x153e70fd0;
L_0x153e71150 .part v0x153e68e40_0, 4, 1;
L_0x153e711f0 .reduce/nor L_0x153e71150;
L_0x153e712d0 .part v0x153e68e40_0, 3, 1;
L_0x153e71370 .reduce/nor L_0x153e712d0;
L_0x153e71560 .part v0x153e68e40_0, 2, 1;
L_0x153e71600 .reduce/nor L_0x153e71560;
L_0x153e718a0 .part v0x153e68e40_0, 1, 1;
L_0x153e71a50 .part v0x153e68e40_0, 0, 1;
L_0x153e71af0 .reduce/nor L_0x153e71a50;
L_0x153e71d00 .part v0x153e68e40_0, 5, 1;
L_0x153e71de0 .part v0x153e68e40_0, 4, 1;
L_0x153e71e80 .reduce/nor L_0x153e71de0;
L_0x153e72070 .part v0x153e68e40_0, 3, 1;
L_0x153e72110 .reduce/nor L_0x153e72070;
L_0x153e72300 .part v0x153e68e40_0, 2, 1;
L_0x153e723a0 .reduce/nor L_0x153e72300;
L_0x153e72590 .part v0x153e68e40_0, 1, 1;
L_0x153e72740 .part v0x153e68e40_0, 0, 1;
L_0x153e728f0 .part v0x153e68e40_0, 5, 1;
L_0x153e72990 .part v0x153e68e40_0, 4, 1;
L_0x153e72a30 .reduce/nor L_0x153e72990;
L_0x153e72c40 .part v0x153e68e40_0, 3, 1;
L_0x153e72df0 .part v0x153e68e40_0, 2, 1;
L_0x153e72e90 .reduce/nor L_0x153e72df0;
L_0x153e73280 .part v0x153e68e40_0, 1, 1;
L_0x153e73430 .part v0x153e68e40_0, 0, 1;
L_0x153e737f0 .arith/sum 1, L_0x153e727e0, L_0x153e734d0;
L_0x153e73080 .part v0x153e68e40_0, 5, 1;
L_0x153e73120 .reduce/nor L_0x153e73080;
L_0x153e739a0 .part v0x153e68e40_0, 4, 1;
L_0x153e73a40 .reduce/nor L_0x153e739a0;
L_0x153e73b90 .part v0x153e68e40_0, 3, 1;
L_0x153e73c30 .reduce/nor L_0x153e73b90;
L_0x153e735e0 .part v0x153e68e40_0, 2, 1;
L_0x153e74020 .part v0x153e68e40_0, 1, 1;
L_0x153e740c0 .reduce/nor L_0x153e74020;
L_0x153e73e00 .part v0x153e68e40_0, 0, 1;
L_0x153e73ea0 .reduce/nor L_0x153e73e00;
L_0x153e744c0 .part v0x153e68e40_0, 5, 1;
L_0x153e74560 .reduce/nor L_0x153e744c0;
L_0x153e74640 .part v0x153e68e40_0, 4, 1;
L_0x153e746e0 .reduce/nor L_0x153e74640;
L_0x153e74210 .part v0x153e68e40_0, 3, 1;
L_0x153e74b30 .part v0x153e68e40_0, 2, 1;
L_0x153e748f0 .part v0x153e68e40_0, 1, 1;
L_0x153e74990 .reduce/nor L_0x153e748f0;
L_0x153e74f40 .part v0x153e68e40_0, 0, 1;
L_0x153e74c70 .concat8 [ 1 1 1 0], L_0x153e75a70, L_0x153e74fe0, L_0x153e73f80;
L_0x153e74dd0 .part v0x153e68e40_0, 5, 1;
L_0x153e75330 .reduce/nor L_0x153e74dd0;
L_0x153e753d0 .part v0x153e68e40_0, 4, 1;
L_0x153e75470 .reduce/nor L_0x153e753d0;
L_0x153e75660 .part v0x153e68e40_0, 3, 1;
L_0x153e75700 .reduce/nor L_0x153e75660;
L_0x153e750d0 .part v0x153e68e40_0, 2, 1;
L_0x153e75170 .reduce/nor L_0x153e750d0;
L_0x153e75ba0 .part v0x153e68e40_0, 1, 1;
L_0x153e75c40 .reduce/nor L_0x153e75ba0;
L_0x153e758f0 .part v0x153e68e40_0, 0, 1;
L_0x153e75990 .reduce/nor L_0x153e758f0;
    .scope S_0x153e08210;
T_0 ;
    %pushi/vec4 0, 0, 6;
    %store/vec4 v0x153e68e40_0, 0, 6;
    %end;
    .thread T_0;
    .scope S_0x153e08210;
T_1 ;
    %vpi_call 2 39 "$dumpfile", "experiment4_wave.vcd" {0 0 0};
    %vpi_call 2 40 "$dumpvars", 32'sb00000000000000000000000000000000, S_0x153e08210 {0 0 0};
    %end;
    .thread T_1;
    .scope S_0x153e08210;
T_2 ;
    %delay 10000, 0;
    %pushi/vec4 13, 0, 6;
    %store/vec4 v0x153e68e40_0, 0, 6;
    %delay 10000, 0;
    %pushi/vec4 35, 0, 6;
    %store/vec4 v0x153e68e40_0, 0, 6;
    %delay 10000, 0;
    %pushi/vec4 43, 0, 6;
    %store/vec4 v0x153e68e40_0, 0, 6;
    %delay 10000, 0;
    %pushi/vec4 4, 0, 6;
    %store/vec4 v0x153e68e40_0, 0, 6;
    %delay 10000, 0;
    %pushi/vec4 2, 0, 6;
    %store/vec4 v0x153e68e40_0, 0, 6;
    %delay 10000, 0;
    %vpi_call 2 52 "$finish" {0 0 0};
    %end;
    .thread T_2;
# The file index is used to find the file name in the following table.
:file_names 4;
    "N/A";
    "<interactive>";
    "texperiment4.v";
    "./experiment4.v";
