#! /opt/homebrew/Cellar/icarus-verilog/11.0/bin/vvp
:ivl_version "11.0 (stable)";
:ivl_delay_selection "TYPICAL";
:vpi_time_precision - 12;
:vpi_module "/opt/homebrew/Cellar/icarus-verilog/11.0/lib/ivl/system.vpi";
:vpi_module "/opt/homebrew/Cellar/icarus-verilog/11.0/lib/ivl/vhdl_sys.vpi";
:vpi_module "/opt/homebrew/Cellar/icarus-verilog/11.0/lib/ivl/vhdl_textio.vpi";
:vpi_module "/opt/homebrew/Cellar/icarus-verilog/11.0/lib/ivl/v2005_math.vpi";
:vpi_module "/opt/homebrew/Cellar/icarus-verilog/11.0/lib/ivl/va_math.vpi";
S_0x1370041f0 .scope module, "tb_test7" "tb_test7" 2 6;
 .timescale -9 -12;
v0x1370148e0_0 .var "A", 15 0;
v0x1370149a0_0 .net "B", 31 0, L_0x137014a90;  1 drivers
S_0x137004460 .scope module, "u_test7" "test7" 2 14, 3 1 0, S_0x1370041f0;
 .timescale 0 0;
    .port_info 0 /INPUT 16 "A";
    .port_info 1 /OUTPUT 32 "B";
L_0x137014bd0 .functor BUFZ 16, v0x1370148e0_0, C4<0000000000000000>, C4<0000000000000000>, C4<0000000000000000>;
v0x137004600_0 .net "A", 15 0, v0x1370148e0_0;  1 drivers
v0x1370146b0_0 .net "B", 31 0, L_0x137014a90;  alias, 1 drivers
L_0x128040010 .functor BUFT 1, C4<0000000000000000>, C4<0>, C4<0>, C4<0>;
v0x137014750_0 .net/2u *"_ivl_2", 15 0, L_0x128040010;  1 drivers
v0x137014800_0 .net *"_ivl_8", 15 0, L_0x137014bd0;  1 drivers
L_0x137014a90 .concat8 [ 16 16 0 0], L_0x137014bd0, L_0x128040010;
    .scope S_0x1370041f0;
T_0 ;
    %pushi/vec4 0, 0, 16;
    %store/vec4 v0x1370148e0_0, 0, 16;
    %end;
    .thread T_0;
    .scope S_0x1370041f0;
T_1 ;
    %vpi_call 2 22 "$dumpfile", "experiment7_wave.vcd" {0 0 0};
    %vpi_call 2 23 "$dumpvars", 32'sb00000000000000000000000000000000, S_0x1370041f0 {0 0 0};
    %end;
    .thread T_1;
    .scope S_0x1370041f0;
T_2 ;
    %pushi/vec4 64599, 0, 16;
    %store/vec4 v0x1370148e0_0, 0, 16;
    %vpi_call 2 29 "$display", "This is A %b", v0x1370148e0_0 {0 0 0};
    %vpi_call 2 30 "$display", "This is B %b", v0x1370149a0_0 {0 0 0};
    %vpi_call 2 31 "$finish" {0 0 0};
    %end;
    .thread T_2;
# The file index is used to find the file name in the following table.
:file_names 4;
    "N/A";
    "<interactive>";
    "texperiment7.v";
    "./experiment7.v";
