#! /opt/homebrew/Cellar/icarus-verilog/11.0/bin/vvp
:ivl_version "11.0 (stable)";
:ivl_delay_selection "TYPICAL";
:vpi_time_precision - 12;
:vpi_module "/opt/homebrew/Cellar/icarus-verilog/11.0/lib/ivl/system.vpi";
:vpi_module "/opt/homebrew/Cellar/icarus-verilog/11.0/lib/ivl/vhdl_sys.vpi";
:vpi_module "/opt/homebrew/Cellar/icarus-verilog/11.0/lib/ivl/vhdl_textio.vpi";
:vpi_module "/opt/homebrew/Cellar/icarus-verilog/11.0/lib/ivl/v2005_math.vpi";
:vpi_module "/opt/homebrew/Cellar/icarus-verilog/11.0/lib/ivl/va_math.vpi";
S_0x1251043e0 .scope module, "tb_singleCPU_112" "tb_singleCPU_112" 2 6;
 .timescale -9 -12;
P_0x125104550 .param/l "PERIOD" 0 2 9, +C4<00000000000000000000000000001010>;
v0x1251360c0_0 .var "clk", 0 0;
S_0x125104650 .scope module, "u_singleCPU_112" "singleCPU_112" 2 22, 3 5 0, S_0x1251043e0;
 .timescale -9 -12;
    .port_info 0 /INPUT 1 "clk";
v0x125135680_0 .net "ALUctr", 2 0, L_0x125151940;  1 drivers
v0x125135710_0 .net "ALUsrc", 0 0, L_0x125144860;  1 drivers
v0x125135830_0 .net "Branch", 0 0, L_0x12514a310;  1 drivers
v0x125135940_0 .net "ExtOp", 0 0, L_0x12514c160;  1 drivers
v0x125135a50_0 .net "Instruction", 31 0, L_0x125136b30;  1 drivers
v0x125135ae0_0 .net "Jump", 0 0, L_0x12514acc0;  1 drivers
v0x125135b70_0 .net "MemWr", 0 0, L_0x125148f90;  1 drivers
v0x125135c80_0 .net "MemtoReg", 0 0, L_0x125144cb0;  1 drivers
v0x125135d90_0 .net "RegDst", 0 0, L_0x125141120;  1 drivers
v0x125135f20_0 .net "RegWr", 0 0, L_0x1251484d0;  1 drivers
v0x125135fb0_0 .net "clk", 0 0, v0x1251360c0_0;  1 drivers
L_0x125151b20 .part L_0x125136b30, 26, 6;
L_0x125151bc0 .part L_0x125136b30, 0, 6;
S_0x1251047c0 .scope module, "control" "control_112" 3 27, 4 4 0, S_0x125104650;
 .timescale -9 -12;
    .port_info 0 /INPUT 6 "op";
    .port_info 1 /INPUT 6 "func";
    .port_info 2 /OUTPUT 1 "Branch";
    .port_info 3 /OUTPUT 1 "Jump";
    .port_info 4 /OUTPUT 1 "RegDst";
    .port_info 5 /OUTPUT 1 "ALUsrc";
    .port_info 6 /OUTPUT 3 "ALUctr";
    .port_info 7 /OUTPUT 1 "MemtoReg";
    .port_info 8 /OUTPUT 1 "RegWr";
    .port_info 9 /OUTPUT 1 "MemWr";
    .port_info 10 /OUTPUT 1 "ExtOp";
v0x125123150_0 .net "ALUctr", 2 0, L_0x125151940;  alias, 1 drivers
v0x125123200_0 .net "ALUctrF", 2 0, L_0x1251506b0;  1 drivers
v0x1251232d0_0 .net "ALUop", 2 0, L_0x12514db30;  1 drivers
v0x1251233a0_0 .net "ALUsrc", 0 0, L_0x125144860;  alias, 1 drivers
v0x125123430_0 .net "Branch", 0 0, L_0x12514a310;  alias, 1 drivers
v0x125123500_0 .net "ExtOp", 0 0, L_0x12514c160;  alias, 1 drivers
v0x1251235b0_0 .net "Jump", 0 0, L_0x12514acc0;  alias, 1 drivers
v0x125123660_0 .net "MemWr", 0 0, L_0x125148f90;  alias, 1 drivers
v0x125123710_0 .net "MemtoReg", 0 0, L_0x125144cb0;  alias, 1 drivers
v0x125123840_0 .net "R_type", 0 0, L_0x12514fce0;  1 drivers
v0x1251238d0_0 .net "RegDst", 0 0, L_0x125141120;  alias, 1 drivers
v0x125123960_0 .net "RegWr", 0 0, L_0x1251484d0;  alias, 1 drivers
v0x125123a10_0 .net "func", 5 0, L_0x125151bc0;  1 drivers
v0x125123ac0_0 .net "op", 5 0, L_0x125151b20;  1 drivers
S_0x125104af0 .scope module, "ALUControl" "ALUControl_112" 4 29, 5 1 0, S_0x1251047c0;
 .timescale -9 -12;
    .port_info 0 /INPUT 6 "func";
    .port_info 1 /OUTPUT 3 "ALUctrF";
L_0x12514fb10 .functor AND 1, L_0x12514f990, L_0x12514fa70, C4<1>, C4<1>;
L_0x125150410 .functor AND 1, L_0x125150170, L_0x125150330, C4<1>, C4<1>;
L_0x1251505a0 .functor AND 1, L_0x125150410, L_0x125150500, C4<1>, C4<1>;
L_0x125150c20 .functor AND 1, L_0x1251508e0, L_0x125150b80, C4<1>, C4<1>;
L_0x125150e80 .functor AND 1, L_0x125150c20, L_0x125150de0, C4<1>, C4<1>;
L_0x125151290 .functor AND 1, L_0x1251510c0, L_0x125151160, C4<1>, C4<1>;
L_0x125151520 .functor AND 1, L_0x125151290, L_0x1251513a0, C4<1>, C4<1>;
L_0x1251515d0 .functor OR 1, L_0x125150e80, L_0x125151520, C4<0>, C4<0>;
v0x125104d00_0 .net "ALUctrF", 2 0, L_0x1251506b0;  alias, 1 drivers
v0x125114dc0_0 .net *"_ivl_13", 0 0, L_0x125150170;  1 drivers
v0x125114e70_0 .net *"_ivl_15", 0 0, L_0x125150290;  1 drivers
v0x125114f30_0 .net *"_ivl_17", 0 0, L_0x125150330;  1 drivers
v0x125114fd0_0 .net *"_ivl_18", 0 0, L_0x125150410;  1 drivers
v0x1251150c0_0 .net *"_ivl_21", 0 0, L_0x125150500;  1 drivers
v0x125115170_0 .net *"_ivl_22", 0 0, L_0x1251505a0;  1 drivers
v0x125115220_0 .net *"_ivl_28", 0 0, L_0x1251507f0;  1 drivers
v0x1251152d0_0 .net *"_ivl_3", 0 0, L_0x12514f8b0;  1 drivers
v0x1251153e0_0 .net *"_ivl_30", 0 0, L_0x1251508e0;  1 drivers
v0x125115480_0 .net *"_ivl_32", 0 0, L_0x125150980;  1 drivers
v0x125115530_0 .net *"_ivl_34", 0 0, L_0x125150b80;  1 drivers
v0x1251155d0_0 .net *"_ivl_35", 0 0, L_0x125150c20;  1 drivers
v0x125115680_0 .net *"_ivl_38", 0 0, L_0x125150cd0;  1 drivers
v0x125115730_0 .net *"_ivl_40", 0 0, L_0x125150de0;  1 drivers
v0x1251157d0_0 .net *"_ivl_41", 0 0, L_0x125150e80;  1 drivers
v0x125115880_0 .net *"_ivl_44", 0 0, L_0x125150fa0;  1 drivers
v0x125115a10_0 .net *"_ivl_46", 0 0, L_0x1251510c0;  1 drivers
v0x125115aa0_0 .net *"_ivl_48", 0 0, L_0x125151160;  1 drivers
v0x125115b40_0 .net *"_ivl_49", 0 0, L_0x125151290;  1 drivers
v0x125115bf0_0 .net *"_ivl_5", 0 0, L_0x12514f990;  1 drivers
v0x125115c90_0 .net *"_ivl_52", 0 0, L_0x125151300;  1 drivers
v0x125115d40_0 .net *"_ivl_54", 0 0, L_0x1251513a0;  1 drivers
v0x125115de0_0 .net *"_ivl_55", 0 0, L_0x125151520;  1 drivers
v0x125115e90_0 .net *"_ivl_57", 0 0, L_0x1251515d0;  1 drivers
v0x125115f40_0 .net *"_ivl_7", 0 0, L_0x12514fa70;  1 drivers
v0x125115ff0_0 .net *"_ivl_8", 0 0, L_0x12514fb10;  1 drivers
v0x1251160a0_0 .net "func", 5 0, L_0x125151bc0;  alias, 1 drivers
L_0x12514f8b0 .part L_0x125151bc0, 2, 1;
L_0x12514f990 .reduce/nor L_0x12514f8b0;
L_0x12514fa70 .part L_0x125151bc0, 1, 1;
L_0x125150170 .part L_0x125151bc0, 3, 1;
L_0x125150290 .part L_0x125151bc0, 2, 1;
L_0x125150330 .reduce/nor L_0x125150290;
L_0x125150500 .part L_0x125151bc0, 1, 1;
L_0x1251506b0 .concat8 [ 1 1 1 0], L_0x1251515d0, L_0x1251505a0, L_0x12514fb10;
L_0x1251507f0 .part L_0x125151bc0, 3, 1;
L_0x1251508e0 .reduce/nor L_0x1251507f0;
L_0x125150980 .part L_0x125151bc0, 2, 1;
L_0x125150b80 .reduce/nor L_0x125150980;
L_0x125150cd0 .part L_0x125151bc0, 0, 1;
L_0x125150de0 .reduce/nor L_0x125150cd0;
L_0x125150fa0 .part L_0x125151bc0, 2, 1;
L_0x1251510c0 .reduce/nor L_0x125150fa0;
L_0x125151160 .part L_0x125151bc0, 1, 1;
L_0x125151300 .part L_0x125151bc0, 0, 1;
L_0x1251513a0 .reduce/nor L_0x125151300;
S_0x125116180 .scope module, "centerControl" "centerControl_112" 4 14, 6 1 0, S_0x1251047c0;
 .timescale -9 -12;
    .port_info 0 /INPUT 6 "op";
    .port_info 1 /OUTPUT 1 "RegDst";
    .port_info 2 /OUTPUT 1 "ALUsrc";
    .port_info 3 /OUTPUT 1 "MemtoReg";
    .port_info 4 /OUTPUT 1 "RegWr";
    .port_info 5 /OUTPUT 1 "MemWr";
    .port_info 6 /OUTPUT 1 "Branch";
    .port_info 7 /OUTPUT 1 "Jump";
    .port_info 8 /OUTPUT 1 "ExtOp";
    .port_info 9 /OUTPUT 3 "ALUop";
    .port_info 10 /OUTPUT 1 "R_type";
L_0x125140620 .functor AND 1, L_0x1251403c0, L_0x125140540, C4<1>, C4<1>;
L_0x125140920 .functor AND 1, L_0x125140620, L_0x125140880, C4<1>, C4<1>;
L_0x125140bd0 .functor AND 1, L_0x125140920, L_0x125140af0, C4<1>, C4<1>;
L_0x125140e70 .functor AND 1, L_0x125140bd0, L_0x125140db0, C4<1>, C4<1>;
L_0x125141120 .functor AND 1, L_0x125140e70, L_0x125141080, C4<1>, C4<1>;
L_0x125141610 .functor AND 1, L_0x1251407d0, L_0x125141570, C4<1>, C4<1>;
L_0x125141830 .functor AND 1, L_0x125141610, L_0x125141700, C4<1>, C4<1>;
L_0x1251419a0 .functor AND 1, L_0x125141830, L_0x125141900, C4<1>, C4<1>;
L_0x125141c70 .functor AND 1, L_0x1251419a0, L_0x125141bd0, C4<1>, C4<1>;
L_0x125141f00 .functor AND 1, L_0x125141c70, L_0x125141db0, C4<1>, C4<1>;
L_0x125142320 .functor AND 1, L_0x125142010, L_0x125141e50, C4<1>, C4<1>;
L_0x1251412e0 .functor AND 1, L_0x125142320, L_0x125142410, C4<1>, C4<1>;
L_0x125142250 .functor AND 1, L_0x1251412e0, L_0x125142830, C4<1>, C4<1>;
L_0x125142750 .functor AND 1, L_0x125142250, L_0x125142b10, C4<1>, C4<1>;
L_0x125142d90 .functor AND 1, L_0x125142750, L_0x125142bf0, C4<1>, C4<1>;
L_0x125142fc0 .functor AND 1, L_0x125142f20, L_0x1251430d0, C4<1>, C4<1>;
L_0x125143170 .functor AND 1, L_0x125142fc0, L_0x125143330, C4<1>, C4<1>;
L_0x125143410 .functor AND 1, L_0x125143170, L_0x125143670, C4<1>, C4<1>;
L_0x1251434c0 .functor AND 1, L_0x125143410, L_0x125143850, C4<1>, C4<1>;
L_0x125143530 .functor AND 1, L_0x1251434c0, L_0x125143a10, C4<1>, C4<1>;
L_0x125143d40 .functor AND 1, L_0x125143ca0, L_0x125143b50, C4<1>, C4<1>;
L_0x125143e30 .functor AND 1, L_0x125143d40, L_0x125143970, C4<1>, C4<1>;
L_0x125143fc0 .functor AND 1, L_0x125143e30, L_0x125143ee0, C4<1>, C4<1>;
L_0x125144050 .functor AND 1, L_0x125143fc0, L_0x1251444e0, C4<1>, C4<1>;
L_0x125144300 .functor AND 1, L_0x125144050, L_0x125144260, C4<1>, C4<1>;
L_0x125144460 .functor AND 1, L_0x125144580, L_0x1251424b0, C4<1>, C4<1>;
L_0x125144bc0 .functor AND 1, L_0x125144460, L_0x125144b20, C4<1>, C4<1>;
L_0x1251449a0 .functor AND 1, L_0x125144bc0, L_0x125144790, C4<1>, C4<1>;
L_0x125144a90 .functor AND 1, L_0x1251449a0, L_0x125145000, C4<1>, C4<1>;
L_0x125144cb0 .functor AND 1, L_0x125144a90, L_0x125145280, C4<1>, C4<1>;
L_0x125145660 .functor AND 1, L_0x1251450a0, L_0x1251455c0, C4<1>, C4<1>;
L_0x1251453c0 .functor AND 1, L_0x125145660, L_0x125144eb0, C4<1>, C4<1>;
L_0x125145bb0 .functor AND 1, L_0x1251453c0, L_0x125145b10, C4<1>, C4<1>;
L_0x125145990 .functor AND 1, L_0x125145bb0, L_0x1251458f0, C4<1>, C4<1>;
L_0x125145e50 .functor AND 1, L_0x125145990, L_0x125145db0, C4<1>, C4<1>;
L_0x1251461c0 .functor AND 1, L_0x125145ca0, L_0x125146120, C4<1>, C4<1>;
L_0x1251463e0 .functor AND 1, L_0x1251461c0, L_0x125146640, C4<1>, C4<1>;
L_0x125146350 .functor AND 1, L_0x1251463e0, L_0x1251462b0, C4<1>, C4<1>;
L_0x1251467c0 .functor AND 1, L_0x125146350, L_0x1251466e0, C4<1>, C4<1>;
L_0x1251464d0 .functor AND 1, L_0x1251467c0, L_0x1251468b0, C4<1>, C4<1>;
L_0x125146ed0 .functor AND 1, L_0x125146bf0, L_0x125146df0, C4<1>, C4<1>;
L_0x125146c90 .functor AND 1, L_0x125146ed0, L_0x125146fc0, C4<1>, C4<1>;
L_0x1251472b0 .functor AND 1, L_0x125146c90, L_0x125147210, C4<1>, C4<1>;
L_0x125147520 .functor AND 1, L_0x1251472b0, L_0x125147440, C4<1>, C4<1>;
L_0x1251476d0 .functor AND 1, L_0x125147520, L_0x125147630, C4<1>, C4<1>;
L_0x125147b20 .functor AND 1, L_0x125147900, L_0x125147a40, C4<1>, C4<1>;
L_0x125147e90 .functor AND 1, L_0x125147b20, L_0x125147df0, C4<1>, C4<1>;
L_0x125147cb0 .functor AND 1, L_0x125147e90, L_0x125148040, C4<1>, C4<1>;
L_0x125148230 .functor AND 1, L_0x125147cb0, L_0x125148190, C4<1>, C4<1>;
L_0x1251483c0 .functor AND 1, L_0x125148230, L_0x125148320, C4<1>, C4<1>;
L_0x125148830 .functor AND 1, L_0x125148610, L_0x125148750, C4<1>, C4<1>;
L_0x1251489c0 .functor AND 1, L_0x125148830, L_0x125148920, C4<1>, C4<1>;
L_0x125148c30 .functor AND 1, L_0x1251489c0, L_0x125148b50, C4<1>, C4<1>;
L_0x125148de0 .functor AND 1, L_0x125148c30, L_0x125148d40, C4<1>, C4<1>;
L_0x125148f90 .functor AND 1, L_0x125148de0, L_0x125148ef0, C4<1>, C4<1>;
L_0x1251494c0 .functor AND 1, L_0x1251492e0, L_0x125149880, C4<1>, C4<1>;
L_0x125149750 .functor AND 1, L_0x1251494c0, L_0x125149670, C4<1>, C4<1>;
L_0x125149120 .functor AND 1, L_0x125149750, L_0x125149080, C4<1>, C4<1>;
L_0x125149a00 .functor AND 1, L_0x125149120, L_0x125149920, C4<1>, C4<1>;
L_0x12514a310 .functor AND 1, L_0x125149a00, L_0x125149d70, C4<1>, C4<1>;
L_0x12514a1c0 .functor AND 1, L_0x125149f40, L_0x12514a0c0, C4<1>, C4<1>;
L_0x125149c30 .functor AND 1, L_0x12514a1c0, L_0x125149b90, C4<1>, C4<1>;
L_0x12514a660 .functor AND 1, L_0x125149c30, L_0x12514a580, C4<1>, C4<1>;
L_0x12514aa50 .functor AND 1, L_0x12514a660, L_0x12514a770, C4<1>, C4<1>;
L_0x12514acc0 .functor AND 1, L_0x12514aa50, L_0x12514abe0, C4<1>, C4<1>;
L_0x12514b000 .functor AND 1, L_0x12514a810, L_0x12514a970, C4<1>, C4<1>;
L_0x12514b270 .functor AND 1, L_0x12514b000, L_0x12514b190, C4<1>, C4<1>;
L_0x12514af30 .functor AND 1, L_0x12514b270, L_0x12514ae50, C4<1>, C4<1>;
L_0x12514b6c0 .functor AND 1, L_0x12514af30, L_0x12514b620, C4<1>, C4<1>;
L_0x12514b420 .functor AND 1, L_0x12514b6c0, L_0x12514b380, C4<1>, C4<1>;
L_0x12514bbe0 .functor AND 1, L_0x12514ba00, L_0x12514bb40, C4<1>, C4<1>;
L_0x12514b870 .functor AND 1, L_0x12514bbe0, L_0x12514b7d0, C4<1>, C4<1>;
L_0x12514c070 .functor AND 1, L_0x12514b870, L_0x12514bfd0, C4<1>, C4<1>;
L_0x12514bd90 .functor AND 1, L_0x12514c070, L_0x12514bcf0, C4<1>, C4<1>;
L_0x12514c3b0 .functor AND 1, L_0x12514bd90, L_0x12514be80, C4<1>, C4<1>;
L_0x12514c940 .functor AND 1, L_0x12514c720, L_0x12514c860, C4<1>, C4<1>;
L_0x12514cbb0 .functor AND 1, L_0x12514c940, L_0x12514cad0, C4<1>, C4<1>;
L_0x12514c560 .functor AND 1, L_0x12514cbb0, L_0x12514c4c0, C4<1>, C4<1>;
L_0x12514cff0 .functor AND 1, L_0x12514c560, L_0x12514cf10, C4<1>, C4<1>;
L_0x12514ce20 .functor AND 1, L_0x12514cff0, L_0x12514cd40, C4<1>, C4<1>;
L_0x12514d6a0 .functor AND 1, L_0x12514d440, L_0x12514d5c0, C4<1>, C4<1>;
L_0x12514d180 .functor AND 1, L_0x12514d6a0, L_0x12514d0e0, C4<1>, C4<1>;
L_0x12514da40 .functor AND 1, L_0x12514d180, L_0x12514d290, C4<1>, C4<1>;
L_0x12514d930 .functor AND 1, L_0x12514da40, L_0x12514d850, C4<1>, C4<1>;
L_0x12514de70 .functor AND 1, L_0x12514d930, L_0x12514ddd0, C4<1>, C4<1>;
L_0x12514e3d0 .functor AND 1, L_0x12514dcf0, L_0x12514e2d0, C4<1>, C4<1>;
L_0x12514e660 .functor AND 1, L_0x12514e3d0, L_0x12514e580, C4<1>, C4<1>;
L_0x12514e100 .functor AND 1, L_0x12514e660, L_0x12514e020, C4<1>, C4<1>;
L_0x12514ebb0 .functor AND 1, L_0x12514e100, L_0x12514ead0, C4<1>, C4<1>;
L_0x12514e8f0 .functor AND 1, L_0x12514ebb0, L_0x12514e810, C4<1>, C4<1>;
L_0x12514f270 .functor AND 1, L_0x12514f010, L_0x12514f190, C4<1>, C4<1>;
L_0x12514ee20 .functor AND 1, L_0x12514f270, L_0x12514ed40, C4<1>, C4<1>;
L_0x12514f7a0 .functor AND 1, L_0x12514ee20, L_0x12514f700, C4<1>, C4<1>;
L_0x12514f500 .functor AND 1, L_0x12514f7a0, L_0x12514f420, C4<1>, C4<1>;
L_0x12514fce0 .functor AND 1, L_0x12514f500, L_0x12514fc40, C4<1>, C4<1>;
v0x125116460_0 .net "ALUop", 2 0, L_0x12514db30;  alias, 1 drivers
v0x1251164f0_0 .net "ALUsrc", 0 0, L_0x125144860;  alias, 1 drivers
v0x125116580_0 .net "Branch", 0 0, L_0x12514a310;  alias, 1 drivers
v0x125116630_0 .net "ExtOp", 0 0, L_0x12514c160;  alias, 1 drivers
v0x1251166d0_0 .net "Jump", 0 0, L_0x12514acc0;  alias, 1 drivers
v0x1251167b0_0 .net "MemWr", 0 0, L_0x125148f90;  alias, 1 drivers
v0x125116850_0 .net "MemtoReg", 0 0, L_0x125144cb0;  alias, 1 drivers
v0x1251168f0_0 .net "R_type", 0 0, L_0x12514fce0;  alias, 1 drivers
v0x125116990_0 .net "RegDst", 0 0, L_0x125141120;  alias, 1 drivers
v0x125116aa0_0 .net "RegWr", 0 0, L_0x1251484d0;  alias, 1 drivers
v0x125116b30_0 .net *"_ivl_1", 0 0, L_0x125140320;  1 drivers
v0x125116be0_0 .net *"_ivl_100", 0 0, L_0x125142fc0;  1 drivers
v0x125116c90_0 .net *"_ivl_103", 0 0, L_0x125143290;  1 drivers
v0x125116d40_0 .net *"_ivl_105", 0 0, L_0x125143330;  1 drivers
v0x125116de0_0 .net *"_ivl_106", 0 0, L_0x125143170;  1 drivers
v0x125116e90_0 .net *"_ivl_109", 0 0, L_0x1251435d0;  1 drivers
v0x125116f40_0 .net *"_ivl_11", 0 0, L_0x125140730;  1 drivers
v0x1251170d0_0 .net *"_ivl_111", 0 0, L_0x125143670;  1 drivers
v0x125117160_0 .net *"_ivl_112", 0 0, L_0x125143410;  1 drivers
v0x125117200_0 .net *"_ivl_115", 0 0, L_0x125143850;  1 drivers
v0x1251172b0_0 .net *"_ivl_116", 0 0, L_0x1251434c0;  1 drivers
v0x125117360_0 .net *"_ivl_119", 0 0, L_0x125143a10;  1 drivers
v0x125117410_0 .net *"_ivl_120", 0 0, L_0x125143530;  1 drivers
v0x1251174c0_0 .net *"_ivl_122", 0 0, L_0x125143790;  1 drivers
v0x125117570_0 .net *"_ivl_125", 0 0, L_0x125143ca0;  1 drivers
v0x125117620_0 .net *"_ivl_127", 0 0, L_0x125143ab0;  1 drivers
v0x1251176d0_0 .net *"_ivl_129", 0 0, L_0x125143b50;  1 drivers
v0x125117770_0 .net *"_ivl_13", 0 0, L_0x125140880;  1 drivers
v0x125117810_0 .net *"_ivl_130", 0 0, L_0x125143d40;  1 drivers
v0x1251178c0_0 .net *"_ivl_133", 0 0, L_0x125143970;  1 drivers
v0x125117970_0 .net *"_ivl_134", 0 0, L_0x125143e30;  1 drivers
v0x125117a20_0 .net *"_ivl_137", 0 0, L_0x125144180;  1 drivers
v0x125117ad0_0 .net *"_ivl_139", 0 0, L_0x125143ee0;  1 drivers
v0x125116fe0_0 .net *"_ivl_14", 0 0, L_0x125140920;  1 drivers
v0x125117d60_0 .net *"_ivl_140", 0 0, L_0x125143fc0;  1 drivers
v0x125117df0_0 .net *"_ivl_143", 0 0, L_0x1251444e0;  1 drivers
v0x125117e80_0 .net *"_ivl_144", 0 0, L_0x125144050;  1 drivers
v0x125117f30_0 .net *"_ivl_147", 0 0, L_0x125144260;  1 drivers
v0x125117fe0_0 .net *"_ivl_148", 0 0, L_0x125144300;  1 drivers
v0x125118090_0 .net *"_ivl_153", 0 0, L_0x125144580;  1 drivers
v0x125118140_0 .net *"_ivl_155", 0 0, L_0x125144620;  1 drivers
v0x1251181f0_0 .net *"_ivl_157", 0 0, L_0x1251424b0;  1 drivers
v0x125118290_0 .net *"_ivl_158", 0 0, L_0x125144460;  1 drivers
v0x125118340_0 .net *"_ivl_161", 0 0, L_0x1251425d0;  1 drivers
v0x1251183f0_0 .net *"_ivl_163", 0 0, L_0x125144b20;  1 drivers
v0x125118490_0 .net *"_ivl_164", 0 0, L_0x125144bc0;  1 drivers
v0x125118540_0 .net *"_ivl_167", 0 0, L_0x125144d90;  1 drivers
v0x1251185f0_0 .net *"_ivl_169", 0 0, L_0x125144790;  1 drivers
v0x125118690_0 .net *"_ivl_17", 0 0, L_0x125140a10;  1 drivers
v0x125118740_0 .net *"_ivl_170", 0 0, L_0x1251449a0;  1 drivers
v0x1251187f0_0 .net *"_ivl_173", 0 0, L_0x125145000;  1 drivers
v0x1251188a0_0 .net *"_ivl_174", 0 0, L_0x125144a90;  1 drivers
v0x125118950_0 .net *"_ivl_177", 0 0, L_0x125145280;  1 drivers
v0x125118a00_0 .net *"_ivl_181", 0 0, L_0x125145320;  1 drivers
v0x125118ab0_0 .net *"_ivl_183", 0 0, L_0x1251450a0;  1 drivers
v0x125118b50_0 .net *"_ivl_185", 0 0, L_0x125145180;  1 drivers
v0x125118c00_0 .net *"_ivl_187", 0 0, L_0x1251455c0;  1 drivers
v0x125118ca0_0 .net *"_ivl_188", 0 0, L_0x125145660;  1 drivers
v0x125118d50_0 .net *"_ivl_19", 0 0, L_0x125140af0;  1 drivers
v0x125118df0_0 .net *"_ivl_191", 0 0, L_0x125145850;  1 drivers
v0x125118ea0_0 .net *"_ivl_193", 0 0, L_0x125144eb0;  1 drivers
v0x125118f40_0 .net *"_ivl_194", 0 0, L_0x1251453c0;  1 drivers
v0x125118ff0_0 .net *"_ivl_197", 0 0, L_0x1251454b0;  1 drivers
v0x1251190a0_0 .net *"_ivl_199", 0 0, L_0x125145b10;  1 drivers
v0x125119140_0 .net *"_ivl_20", 0 0, L_0x125140bd0;  1 drivers
v0x125117b80_0 .net *"_ivl_200", 0 0, L_0x125145bb0;  1 drivers
v0x125117c30_0 .net *"_ivl_203", 0 0, L_0x125145750;  1 drivers
v0x1251191d0_0 .net *"_ivl_205", 0 0, L_0x1251458f0;  1 drivers
v0x125119260_0 .net *"_ivl_206", 0 0, L_0x125145990;  1 drivers
v0x1251192f0_0 .net *"_ivl_209", 0 0, L_0x125145fe0;  1 drivers
v0x125119380_0 .net *"_ivl_211", 0 0, L_0x125145db0;  1 drivers
v0x125119410_0 .net *"_ivl_212", 0 0, L_0x125145e50;  1 drivers
v0x1251194a0_0 .net *"_ivl_215", 0 0, L_0x125145f00;  1 drivers
v0x125119550_0 .net *"_ivl_217", 0 0, L_0x125145ca0;  1 drivers
v0x1251195f0_0 .net *"_ivl_219", 0 0, L_0x125146080;  1 drivers
v0x1251196a0_0 .net *"_ivl_221", 0 0, L_0x125146120;  1 drivers
v0x125119740_0 .net *"_ivl_222", 0 0, L_0x1251461c0;  1 drivers
v0x1251197f0_0 .net *"_ivl_225", 0 0, L_0x125146640;  1 drivers
v0x1251198a0_0 .net *"_ivl_226", 0 0, L_0x1251463e0;  1 drivers
v0x125119950_0 .net *"_ivl_229", 0 0, L_0x1251462b0;  1 drivers
v0x125119a00_0 .net *"_ivl_23", 0 0, L_0x125140cc0;  1 drivers
v0x125119ab0_0 .net *"_ivl_230", 0 0, L_0x125146350;  1 drivers
v0x125119b60_0 .net *"_ivl_233", 0 0, L_0x125146990;  1 drivers
v0x125119c10_0 .net *"_ivl_235", 0 0, L_0x1251466e0;  1 drivers
v0x125119cb0_0 .net *"_ivl_236", 0 0, L_0x1251467c0;  1 drivers
v0x125119d60_0 .net *"_ivl_239", 0 0, L_0x1251468b0;  1 drivers
v0x125119e10_0 .net *"_ivl_240", 0 0, L_0x1251464d0;  1 drivers
v0x125119ec0_0 .net *"_ivl_242", 0 0, L_0x125146a30;  1 drivers
v0x125119f70_0 .net *"_ivl_245", 0 0, L_0x125146b50;  1 drivers
v0x12511a020_0 .net *"_ivl_247", 0 0, L_0x125146bf0;  1 drivers
v0x12511a0c0_0 .net *"_ivl_249", 0 0, L_0x1251470d0;  1 drivers
v0x12511a170_0 .net *"_ivl_25", 0 0, L_0x125140db0;  1 drivers
v0x12511a210_0 .net *"_ivl_251", 0 0, L_0x125146df0;  1 drivers
v0x12511a2b0_0 .net *"_ivl_252", 0 0, L_0x125146ed0;  1 drivers
v0x12511a360_0 .net *"_ivl_255", 0 0, L_0x125146fc0;  1 drivers
v0x12511a410_0 .net *"_ivl_256", 0 0, L_0x125146c90;  1 drivers
v0x12511a4c0_0 .net *"_ivl_259", 0 0, L_0x125147170;  1 drivers
v0x12511a570_0 .net *"_ivl_26", 0 0, L_0x125140e70;  1 drivers
v0x12511a620_0 .net *"_ivl_261", 0 0, L_0x125147210;  1 drivers
v0x12511a6c0_0 .net *"_ivl_262", 0 0, L_0x1251472b0;  1 drivers
v0x12511a770_0 .net *"_ivl_265", 0 0, L_0x1251473a0;  1 drivers
v0x12511a820_0 .net *"_ivl_267", 0 0, L_0x125147440;  1 drivers
v0x12511a8c0_0 .net *"_ivl_268", 0 0, L_0x125147520;  1 drivers
v0x12511a970_0 .net *"_ivl_271", 0 0, L_0x125147630;  1 drivers
v0x12511aa20_0 .net *"_ivl_272", 0 0, L_0x1251476d0;  1 drivers
v0x12511aad0_0 .net *"_ivl_274", 0 0, L_0x1251477e0;  1 drivers
v0x12511ab80_0 .net *"_ivl_277", 0 0, L_0x125147900;  1 drivers
v0x12511ac30_0 .net *"_ivl_279", 0 0, L_0x1251479a0;  1 drivers
v0x12511ace0_0 .net *"_ivl_281", 0 0, L_0x125147a40;  1 drivers
v0x12511ad80_0 .net *"_ivl_282", 0 0, L_0x125147b20;  1 drivers
v0x12511ae30_0 .net *"_ivl_285", 0 0, L_0x1251480f0;  1 drivers
v0x12511aee0_0 .net *"_ivl_287", 0 0, L_0x125147df0;  1 drivers
v0x12511af80_0 .net *"_ivl_288", 0 0, L_0x125147e90;  1 drivers
v0x12511b030_0 .net *"_ivl_29", 0 0, L_0x125140f80;  1 drivers
v0x12511b0e0_0 .net *"_ivl_291", 0 0, L_0x125147fa0;  1 drivers
v0x12511b190_0 .net *"_ivl_293", 0 0, L_0x125148040;  1 drivers
v0x12511b230_0 .net *"_ivl_294", 0 0, L_0x125147cb0;  1 drivers
v0x12511b2e0_0 .net *"_ivl_297", 0 0, L_0x125148190;  1 drivers
v0x12511b390_0 .net *"_ivl_298", 0 0, L_0x125148230;  1 drivers
v0x12511b440_0 .net *"_ivl_3", 0 0, L_0x1251403c0;  1 drivers
v0x12511b4e0_0 .net *"_ivl_301", 0 0, L_0x125148320;  1 drivers
v0x12511b590_0 .net *"_ivl_302", 0 0, L_0x1251483c0;  1 drivers
v0x12511b640_0 .net *"_ivl_307", 0 0, L_0x125148610;  1 drivers
v0x12511b6f0_0 .net *"_ivl_309", 0 0, L_0x1251486b0;  1 drivers
v0x12511b7a0_0 .net *"_ivl_31", 0 0, L_0x125141080;  1 drivers
v0x12511b840_0 .net *"_ivl_311", 0 0, L_0x125148750;  1 drivers
v0x12511b8e0_0 .net *"_ivl_312", 0 0, L_0x125148830;  1 drivers
v0x12511b990_0 .net *"_ivl_315", 0 0, L_0x125148920;  1 drivers
v0x12511ba40_0 .net *"_ivl_316", 0 0, L_0x1251489c0;  1 drivers
v0x12511baf0_0 .net *"_ivl_319", 0 0, L_0x125148ab0;  1 drivers
v0x12511bba0_0 .net *"_ivl_321", 0 0, L_0x125148b50;  1 drivers
v0x12511bc40_0 .net *"_ivl_322", 0 0, L_0x125148c30;  1 drivers
v0x12511bcf0_0 .net *"_ivl_325", 0 0, L_0x125148d40;  1 drivers
v0x12511bda0_0 .net *"_ivl_326", 0 0, L_0x125148de0;  1 drivers
v0x12511be50_0 .net *"_ivl_329", 0 0, L_0x125148ef0;  1 drivers
v0x12511bf00_0 .net *"_ivl_333", 0 0, L_0x125149240;  1 drivers
v0x12511bfb0_0 .net *"_ivl_335", 0 0, L_0x1251492e0;  1 drivers
v0x12511c050_0 .net *"_ivl_337", 0 0, L_0x1251493c0;  1 drivers
v0x12511c100_0 .net *"_ivl_339", 0 0, L_0x125149880;  1 drivers
v0x12511c1a0_0 .net *"_ivl_340", 0 0, L_0x1251494c0;  1 drivers
v0x12511c250_0 .net *"_ivl_343", 0 0, L_0x1251495d0;  1 drivers
v0x12511c300_0 .net *"_ivl_345", 0 0, L_0x125149670;  1 drivers
v0x12511c3a0_0 .net *"_ivl_346", 0 0, L_0x125149750;  1 drivers
v0x12511c450_0 .net *"_ivl_349", 0 0, L_0x125149080;  1 drivers
v0x12511c500_0 .net *"_ivl_35", 0 0, L_0x125141240;  1 drivers
v0x12511c5b0_0 .net *"_ivl_350", 0 0, L_0x125149120;  1 drivers
v0x12511c660_0 .net *"_ivl_353", 0 0, L_0x125149ea0;  1 drivers
v0x12511c710_0 .net *"_ivl_355", 0 0, L_0x125149920;  1 drivers
v0x12511c7b0_0 .net *"_ivl_356", 0 0, L_0x125149a00;  1 drivers
v0x12511c860_0 .net *"_ivl_359", 0 0, L_0x125149cd0;  1 drivers
v0x12511c910_0 .net *"_ivl_361", 0 0, L_0x125149d70;  1 drivers
v0x12511c9b0_0 .net *"_ivl_365", 0 0, L_0x12514a3c0;  1 drivers
v0x12511ca60_0 .net *"_ivl_367", 0 0, L_0x125149f40;  1 drivers
v0x12511cb00_0 .net *"_ivl_369", 0 0, L_0x12514a020;  1 drivers
v0x12511cbb0_0 .net *"_ivl_37", 0 0, L_0x1251407d0;  1 drivers
v0x12511cc50_0 .net *"_ivl_371", 0 0, L_0x12514a0c0;  1 drivers
v0x12511ccf0_0 .net *"_ivl_372", 0 0, L_0x12514a1c0;  1 drivers
v0x12511cda0_0 .net *"_ivl_375", 0 0, L_0x125149af0;  1 drivers
v0x12511ce50_0 .net *"_ivl_377", 0 0, L_0x125149b90;  1 drivers
v0x12511cef0_0 .net *"_ivl_378", 0 0, L_0x125149c30;  1 drivers
v0x12511cfa0_0 .net *"_ivl_381", 0 0, L_0x12514a4e0;  1 drivers
v0x12511d050_0 .net *"_ivl_383", 0 0, L_0x12514a580;  1 drivers
v0x12511d0f0_0 .net *"_ivl_384", 0 0, L_0x12514a660;  1 drivers
v0x12511d1a0_0 .net *"_ivl_387", 0 0, L_0x12514a770;  1 drivers
v0x12511d250_0 .net *"_ivl_388", 0 0, L_0x12514aa50;  1 drivers
v0x12511d300_0 .net *"_ivl_39", 0 0, L_0x125141450;  1 drivers
v0x12511d3b0_0 .net *"_ivl_391", 0 0, L_0x12514ab40;  1 drivers
v0x12511d460_0 .net *"_ivl_393", 0 0, L_0x12514abe0;  1 drivers
v0x12511d500_0 .net *"_ivl_397", 0 0, L_0x12514a810;  1 drivers
v0x12511d5b0_0 .net *"_ivl_399", 0 0, L_0x12514a8b0;  1 drivers
v0x12511d660_0 .net *"_ivl_401", 0 0, L_0x12514a970;  1 drivers
v0x12511d700_0 .net *"_ivl_402", 0 0, L_0x12514b000;  1 drivers
v0x12511d7b0_0 .net *"_ivl_405", 0 0, L_0x12514b0f0;  1 drivers
v0x12511d860_0 .net *"_ivl_407", 0 0, L_0x12514b190;  1 drivers
v0x12511d900_0 .net *"_ivl_408", 0 0, L_0x12514b270;  1 drivers
v0x12511d9b0_0 .net *"_ivl_41", 0 0, L_0x125141570;  1 drivers
v0x12511da50_0 .net *"_ivl_411", 0 0, L_0x12514adb0;  1 drivers
v0x12511db00_0 .net *"_ivl_413", 0 0, L_0x12514ae50;  1 drivers
v0x12511dba0_0 .net *"_ivl_414", 0 0, L_0x12514af30;  1 drivers
v0x12511dc50_0 .net *"_ivl_417", 0 0, L_0x12514b620;  1 drivers
v0x12511dd00_0 .net *"_ivl_418", 0 0, L_0x12514b6c0;  1 drivers
v0x12511ddb0_0 .net *"_ivl_42", 0 0, L_0x125141610;  1 drivers
v0x12511de60_0 .net *"_ivl_421", 0 0, L_0x12514b380;  1 drivers
v0x12511df10_0 .net *"_ivl_422", 0 0, L_0x12514b420;  1 drivers
v0x12511dfc0_0 .net *"_ivl_425", 0 0, L_0x12514ba00;  1 drivers
v0x12511e070_0 .net *"_ivl_427", 0 0, L_0x12514baa0;  1 drivers
v0x12511e120_0 .net *"_ivl_429", 0 0, L_0x12514bb40;  1 drivers
v0x12511e1c0_0 .net *"_ivl_430", 0 0, L_0x12514bbe0;  1 drivers
v0x12511e270_0 .net *"_ivl_433", 0 0, L_0x12514b7d0;  1 drivers
v0x12511e320_0 .net *"_ivl_434", 0 0, L_0x12514b870;  1 drivers
v0x12511e3d0_0 .net *"_ivl_437", 0 0, L_0x12514bf30;  1 drivers
v0x12511e480_0 .net *"_ivl_439", 0 0, L_0x12514bfd0;  1 drivers
v0x12511e520_0 .net *"_ivl_440", 0 0, L_0x12514c070;  1 drivers
v0x12511e5d0_0 .net *"_ivl_443", 0 0, L_0x12514bcf0;  1 drivers
v0x12511e680_0 .net *"_ivl_444", 0 0, L_0x12514bd90;  1 drivers
v0x12511e730_0 .net *"_ivl_447", 0 0, L_0x12514be80;  1 drivers
v0x12511e7e0_0 .net *"_ivl_448", 0 0, L_0x12514c3b0;  1 drivers
v0x12511e890_0 .net *"_ivl_45", 0 0, L_0x125141700;  1 drivers
v0x12511e940_0 .net *"_ivl_455", 0 0, L_0x12514c2a0;  1 drivers
v0x12511e9f0_0 .net *"_ivl_457", 0 0, L_0x12514c720;  1 drivers
v0x12511ea90_0 .net *"_ivl_459", 0 0, L_0x12514c7c0;  1 drivers
v0x12511eb40_0 .net *"_ivl_46", 0 0, L_0x125141830;  1 drivers
v0x12511ebf0_0 .net *"_ivl_461", 0 0, L_0x12514c860;  1 drivers
v0x12511ec90_0 .net *"_ivl_462", 0 0, L_0x12514c940;  1 drivers
v0x12511ed40_0 .net *"_ivl_465", 0 0, L_0x12514ca30;  1 drivers
v0x12511edf0_0 .net *"_ivl_467", 0 0, L_0x12514cad0;  1 drivers
v0x12511ee90_0 .net *"_ivl_468", 0 0, L_0x12514cbb0;  1 drivers
v0x12511ef40_0 .net *"_ivl_471", 0 0, L_0x12514c4c0;  1 drivers
v0x12511eff0_0 .net *"_ivl_472", 0 0, L_0x12514c560;  1 drivers
v0x12511f0a0_0 .net *"_ivl_475", 0 0, L_0x12514c650;  1 drivers
v0x12511f150_0 .net *"_ivl_477", 0 0, L_0x12514cf10;  1 drivers
v0x12511f1f0_0 .net *"_ivl_478", 0 0, L_0x12514cff0;  1 drivers
v0x12511f2a0_0 .net *"_ivl_481", 0 0, L_0x12514cca0;  1 drivers
v0x12511f350_0 .net *"_ivl_483", 0 0, L_0x12514cd40;  1 drivers
v0x12511f3f0_0 .net *"_ivl_484", 0 0, L_0x12514ce20;  1 drivers
v0x12511f4a0_0 .net *"_ivl_489", 0 0, L_0x12514d3a0;  1 drivers
v0x12511f550_0 .net *"_ivl_49", 0 0, L_0x125141900;  1 drivers
v0x12511f600_0 .net *"_ivl_491", 0 0, L_0x12514d440;  1 drivers
v0x12511f6a0_0 .net *"_ivl_493", 0 0, L_0x12514d520;  1 drivers
v0x12511f750_0 .net *"_ivl_495", 0 0, L_0x12514d5c0;  1 drivers
v0x12511f7f0_0 .net *"_ivl_496", 0 0, L_0x12514d6a0;  1 drivers
v0x12511f8a0_0 .net *"_ivl_499", 0 0, L_0x12514d0e0;  1 drivers
v0x12511f950_0 .net *"_ivl_5", 0 0, L_0x1251404a0;  1 drivers
v0x12511fa00_0 .net *"_ivl_50", 0 0, L_0x1251419a0;  1 drivers
v0x12511fab0_0 .net *"_ivl_500", 0 0, L_0x12514d180;  1 drivers
v0x12511fb60_0 .net *"_ivl_503", 0 0, L_0x12514d290;  1 drivers
v0x12511fc10_0 .net *"_ivl_504", 0 0, L_0x12514da40;  1 drivers
v0x12511fcc0_0 .net *"_ivl_507", 0 0, L_0x12514d7b0;  1 drivers
v0x12511fd70_0 .net *"_ivl_509", 0 0, L_0x12514d850;  1 drivers
v0x12511fe10_0 .net *"_ivl_510", 0 0, L_0x12514d930;  1 drivers
v0x12511fec0_0 .net *"_ivl_513", 0 0, L_0x12514ddd0;  1 drivers
v0x12511ff70_0 .net *"_ivl_514", 0 0, L_0x12514de70;  1 drivers
v0x125120020_0 .net *"_ivl_520", 0 0, L_0x12514dc50;  1 drivers
v0x1251200d0_0 .net *"_ivl_522", 0 0, L_0x12514dcf0;  1 drivers
v0x125120170_0 .net *"_ivl_524", 0 0, L_0x12514e230;  1 drivers
v0x125120220_0 .net *"_ivl_526", 0 0, L_0x12514e2d0;  1 drivers
v0x1251202c0_0 .net *"_ivl_527", 0 0, L_0x12514e3d0;  1 drivers
v0x125120370_0 .net *"_ivl_53", 0 0, L_0x125141a90;  1 drivers
v0x125120420_0 .net *"_ivl_530", 0 0, L_0x12514e4e0;  1 drivers
v0x1251204d0_0 .net *"_ivl_532", 0 0, L_0x12514e580;  1 drivers
v0x125120570_0 .net *"_ivl_533", 0 0, L_0x12514e660;  1 drivers
v0x125120620_0 .net *"_ivl_536", 0 0, L_0x12514df80;  1 drivers
v0x1251206d0_0 .net *"_ivl_538", 0 0, L_0x12514e020;  1 drivers
v0x125120770_0 .net *"_ivl_539", 0 0, L_0x12514e100;  1 drivers
v0x125120820_0 .net *"_ivl_542", 0 0, L_0x12514ea30;  1 drivers
v0x1251208d0_0 .net *"_ivl_544", 0 0, L_0x12514ead0;  1 drivers
v0x125120970_0 .net *"_ivl_545", 0 0, L_0x12514ebb0;  1 drivers
v0x125120a20_0 .net *"_ivl_548", 0 0, L_0x12514e770;  1 drivers
v0x125120ad0_0 .net *"_ivl_55", 0 0, L_0x125141bd0;  1 drivers
v0x125120b70_0 .net *"_ivl_550", 0 0, L_0x12514e810;  1 drivers
v0x125120c10_0 .net *"_ivl_551", 0 0, L_0x12514e8f0;  1 drivers
v0x125120cc0_0 .net *"_ivl_554", 0 0, L_0x12514ef70;  1 drivers
v0x125120d70_0 .net *"_ivl_556", 0 0, L_0x12514f010;  1 drivers
v0x125120e10_0 .net *"_ivl_558", 0 0, L_0x12514f0f0;  1 drivers
v0x125120ec0_0 .net *"_ivl_56", 0 0, L_0x125141c70;  1 drivers
v0x125120f70_0 .net *"_ivl_560", 0 0, L_0x12514f190;  1 drivers
v0x125121010_0 .net *"_ivl_561", 0 0, L_0x12514f270;  1 drivers
v0x1251210c0_0 .net *"_ivl_564", 0 0, L_0x12514eca0;  1 drivers
v0x125121170_0 .net *"_ivl_566", 0 0, L_0x12514ed40;  1 drivers
v0x125121210_0 .net *"_ivl_567", 0 0, L_0x12514ee20;  1 drivers
v0x1251212c0_0 .net *"_ivl_570", 0 0, L_0x12514f660;  1 drivers
v0x125121370_0 .net *"_ivl_572", 0 0, L_0x12514f700;  1 drivers
v0x125121410_0 .net *"_ivl_573", 0 0, L_0x12514f7a0;  1 drivers
v0x1251214c0_0 .net *"_ivl_576", 0 0, L_0x12514f380;  1 drivers
v0x125121570_0 .net *"_ivl_578", 0 0, L_0x12514f420;  1 drivers
v0x125121610_0 .net *"_ivl_579", 0 0, L_0x12514f500;  1 drivers
v0x1251216c0_0 .net *"_ivl_582", 0 0, L_0x12514fba0;  1 drivers
v0x125121770_0 .net *"_ivl_584", 0 0, L_0x12514fc40;  1 drivers
v0x125121810_0 .net *"_ivl_59", 0 0, L_0x125141db0;  1 drivers
v0x1251218c0_0 .net *"_ivl_60", 0 0, L_0x125141f00;  1 drivers
v0x125121970_0 .net *"_ivl_63", 0 0, L_0x125141f70;  1 drivers
v0x125121a20_0 .net *"_ivl_65", 0 0, L_0x125142010;  1 drivers
v0x125121ac0_0 .net *"_ivl_67", 0 0, L_0x125142170;  1 drivers
v0x125121b70_0 .net *"_ivl_69", 0 0, L_0x125141e50;  1 drivers
v0x125121c10_0 .net *"_ivl_7", 0 0, L_0x125140540;  1 drivers
v0x125121cb0_0 .net *"_ivl_70", 0 0, L_0x125142320;  1 drivers
v0x125121d60_0 .net *"_ivl_73", 0 0, L_0x125142410;  1 drivers
v0x125121e10_0 .net *"_ivl_74", 0 0, L_0x1251412e0;  1 drivers
v0x125121ec0_0 .net *"_ivl_77", 0 0, L_0x1251426b0;  1 drivers
v0x125121f70_0 .net *"_ivl_79", 0 0, L_0x125142830;  1 drivers
v0x125122010_0 .net *"_ivl_8", 0 0, L_0x125140620;  1 drivers
v0x1251220c0_0 .net *"_ivl_80", 0 0, L_0x125142250;  1 drivers
v0x125122170_0 .net *"_ivl_83", 0 0, L_0x125142980;  1 drivers
v0x125122220_0 .net *"_ivl_85", 0 0, L_0x125142b10;  1 drivers
v0x1251222c0_0 .net *"_ivl_86", 0 0, L_0x125142750;  1 drivers
v0x125122370_0 .net *"_ivl_89", 0 0, L_0x125142bf0;  1 drivers
v0x125122420_0 .net *"_ivl_90", 0 0, L_0x125142d90;  1 drivers
v0x1251224d0_0 .net *"_ivl_92", 0 0, L_0x125142e80;  1 drivers
v0x125122580_0 .net *"_ivl_95", 0 0, L_0x125142f20;  1 drivers
v0x125122630_0 .net *"_ivl_97", 0 0, L_0x125142c90;  1 drivers
v0x1251226e0_0 .net *"_ivl_99", 0 0, L_0x1251430d0;  1 drivers
v0x125122780_0 .net "op", 5 0, L_0x125151b20;  alias, 1 drivers
L_0x125140320 .part L_0x125151b20, 5, 1;
L_0x1251403c0 .reduce/nor L_0x125140320;
L_0x1251404a0 .part L_0x125151b20, 4, 1;
L_0x125140540 .reduce/nor L_0x1251404a0;
L_0x125140730 .part L_0x125151b20, 3, 1;
L_0x125140880 .reduce/nor L_0x125140730;
L_0x125140a10 .part L_0x125151b20, 2, 1;
L_0x125140af0 .reduce/nor L_0x125140a10;
L_0x125140cc0 .part L_0x125151b20, 1, 1;
L_0x125140db0 .reduce/nor L_0x125140cc0;
L_0x125140f80 .part L_0x125151b20, 0, 1;
L_0x125141080 .reduce/nor L_0x125140f80;
L_0x125141240 .part L_0x125151b20, 5, 1;
L_0x1251407d0 .reduce/nor L_0x125141240;
L_0x125141450 .part L_0x125151b20, 4, 1;
L_0x125141570 .reduce/nor L_0x125141450;
L_0x125141700 .part L_0x125151b20, 3, 1;
L_0x125141900 .part L_0x125151b20, 2, 1;
L_0x125141a90 .part L_0x125151b20, 1, 1;
L_0x125141bd0 .reduce/nor L_0x125141a90;
L_0x125141db0 .part L_0x125151b20, 0, 1;
L_0x125141f70 .part L_0x125151b20, 5, 1;
L_0x125142010 .reduce/nor L_0x125141f70;
L_0x125142170 .part L_0x125151b20, 4, 1;
L_0x125141e50 .reduce/nor L_0x125142170;
L_0x125142410 .part L_0x125151b20, 3, 1;
L_0x1251426b0 .part L_0x125151b20, 2, 1;
L_0x125142830 .reduce/nor L_0x1251426b0;
L_0x125142980 .part L_0x125151b20, 1, 1;
L_0x125142b10 .reduce/nor L_0x125142980;
L_0x125142bf0 .part L_0x125151b20, 0, 1;
L_0x125142e80 .arith/sum 1, L_0x125141f00, L_0x125142d90;
L_0x125142f20 .part L_0x125151b20, 5, 1;
L_0x125142c90 .part L_0x125151b20, 4, 1;
L_0x1251430d0 .reduce/nor L_0x125142c90;
L_0x125143290 .part L_0x125151b20, 3, 1;
L_0x125143330 .reduce/nor L_0x125143290;
L_0x1251435d0 .part L_0x125151b20, 2, 1;
L_0x125143670 .reduce/nor L_0x1251435d0;
L_0x125143850 .part L_0x125151b20, 1, 1;
L_0x125143a10 .part L_0x125151b20, 0, 1;
L_0x125143790 .arith/sum 1, L_0x125142e80, L_0x125143530;
L_0x125143ca0 .part L_0x125151b20, 5, 1;
L_0x125143ab0 .part L_0x125151b20, 4, 1;
L_0x125143b50 .reduce/nor L_0x125143ab0;
L_0x125143970 .part L_0x125151b20, 3, 1;
L_0x125144180 .part L_0x125151b20, 2, 1;
L_0x125143ee0 .reduce/nor L_0x125144180;
L_0x1251444e0 .part L_0x125151b20, 1, 1;
L_0x125144260 .part L_0x125151b20, 0, 1;
L_0x125144860 .arith/sum 1, L_0x125143790, L_0x125144300;
L_0x125144580 .part L_0x125151b20, 5, 1;
L_0x125144620 .part L_0x125151b20, 4, 1;
L_0x1251424b0 .reduce/nor L_0x125144620;
L_0x1251425d0 .part L_0x125151b20, 3, 1;
L_0x125144b20 .reduce/nor L_0x1251425d0;
L_0x125144d90 .part L_0x125151b20, 2, 1;
L_0x125144790 .reduce/nor L_0x125144d90;
L_0x125145000 .part L_0x125151b20, 1, 1;
L_0x125145280 .part L_0x125151b20, 0, 1;
L_0x125145320 .part L_0x125151b20, 5, 1;
L_0x1251450a0 .reduce/nor L_0x125145320;
L_0x125145180 .part L_0x125151b20, 4, 1;
L_0x1251455c0 .reduce/nor L_0x125145180;
L_0x125145850 .part L_0x125151b20, 3, 1;
L_0x125144eb0 .reduce/nor L_0x125145850;
L_0x1251454b0 .part L_0x125151b20, 2, 1;
L_0x125145b10 .reduce/nor L_0x1251454b0;
L_0x125145750 .part L_0x125151b20, 1, 1;
L_0x1251458f0 .reduce/nor L_0x125145750;
L_0x125145fe0 .part L_0x125151b20, 0, 1;
L_0x125145db0 .reduce/nor L_0x125145fe0;
L_0x125145f00 .part L_0x125151b20, 5, 1;
L_0x125145ca0 .reduce/nor L_0x125145f00;
L_0x125146080 .part L_0x125151b20, 4, 1;
L_0x125146120 .reduce/nor L_0x125146080;
L_0x125146640 .part L_0x125151b20, 3, 1;
L_0x1251462b0 .part L_0x125151b20, 2, 1;
L_0x125146990 .part L_0x125151b20, 1, 1;
L_0x1251466e0 .reduce/nor L_0x125146990;
L_0x1251468b0 .part L_0x125151b20, 0, 1;
L_0x125146a30 .arith/sum 1, L_0x125145e50, L_0x1251464d0;
L_0x125146b50 .part L_0x125151b20, 5, 1;
L_0x125146bf0 .reduce/nor L_0x125146b50;
L_0x1251470d0 .part L_0x125151b20, 4, 1;
L_0x125146df0 .reduce/nor L_0x1251470d0;
L_0x125146fc0 .part L_0x125151b20, 3, 1;
L_0x125147170 .part L_0x125151b20, 2, 1;
L_0x125147210 .reduce/nor L_0x125147170;
L_0x1251473a0 .part L_0x125151b20, 1, 1;
L_0x125147440 .reduce/nor L_0x1251473a0;
L_0x125147630 .part L_0x125151b20, 0, 1;
L_0x1251477e0 .arith/sum 1, L_0x125146a30, L_0x1251476d0;
L_0x125147900 .part L_0x125151b20, 5, 1;
L_0x1251479a0 .part L_0x125151b20, 4, 1;
L_0x125147a40 .reduce/nor L_0x1251479a0;
L_0x1251480f0 .part L_0x125151b20, 3, 1;
L_0x125147df0 .reduce/nor L_0x1251480f0;
L_0x125147fa0 .part L_0x125151b20, 2, 1;
L_0x125148040 .reduce/nor L_0x125147fa0;
L_0x125148190 .part L_0x125151b20, 1, 1;
L_0x125148320 .part L_0x125151b20, 0, 1;
L_0x1251484d0 .arith/sum 1, L_0x1251477e0, L_0x1251483c0;
L_0x125148610 .part L_0x125151b20, 5, 1;
L_0x1251486b0 .part L_0x125151b20, 4, 1;
L_0x125148750 .reduce/nor L_0x1251486b0;
L_0x125148920 .part L_0x125151b20, 3, 1;
L_0x125148ab0 .part L_0x125151b20, 2, 1;
L_0x125148b50 .reduce/nor L_0x125148ab0;
L_0x125148d40 .part L_0x125151b20, 1, 1;
L_0x125148ef0 .part L_0x125151b20, 0, 1;
L_0x125149240 .part L_0x125151b20, 5, 1;
L_0x1251492e0 .reduce/nor L_0x125149240;
L_0x1251493c0 .part L_0x125151b20, 4, 1;
L_0x125149880 .reduce/nor L_0x1251493c0;
L_0x1251495d0 .part L_0x125151b20, 3, 1;
L_0x125149670 .reduce/nor L_0x1251495d0;
L_0x125149080 .part L_0x125151b20, 2, 1;
L_0x125149ea0 .part L_0x125151b20, 1, 1;
L_0x125149920 .reduce/nor L_0x125149ea0;
L_0x125149cd0 .part L_0x125151b20, 0, 1;
L_0x125149d70 .reduce/nor L_0x125149cd0;
L_0x12514a3c0 .part L_0x125151b20, 5, 1;
L_0x125149f40 .reduce/nor L_0x12514a3c0;
L_0x12514a020 .part L_0x125151b20, 4, 1;
L_0x12514a0c0 .reduce/nor L_0x12514a020;
L_0x125149af0 .part L_0x125151b20, 3, 1;
L_0x125149b90 .reduce/nor L_0x125149af0;
L_0x12514a4e0 .part L_0x125151b20, 2, 1;
L_0x12514a580 .reduce/nor L_0x12514a4e0;
L_0x12514a770 .part L_0x125151b20, 1, 1;
L_0x12514ab40 .part L_0x125151b20, 0, 1;
L_0x12514abe0 .reduce/nor L_0x12514ab40;
L_0x12514a810 .part L_0x125151b20, 5, 1;
L_0x12514a8b0 .part L_0x125151b20, 4, 1;
L_0x12514a970 .reduce/nor L_0x12514a8b0;
L_0x12514b0f0 .part L_0x125151b20, 3, 1;
L_0x12514b190 .reduce/nor L_0x12514b0f0;
L_0x12514adb0 .part L_0x125151b20, 2, 1;
L_0x12514ae50 .reduce/nor L_0x12514adb0;
L_0x12514b620 .part L_0x125151b20, 1, 1;
L_0x12514b380 .part L_0x125151b20, 0, 1;
L_0x12514ba00 .part L_0x125151b20, 5, 1;
L_0x12514baa0 .part L_0x125151b20, 4, 1;
L_0x12514bb40 .reduce/nor L_0x12514baa0;
L_0x12514b7d0 .part L_0x125151b20, 3, 1;
L_0x12514bf30 .part L_0x125151b20, 2, 1;
L_0x12514bfd0 .reduce/nor L_0x12514bf30;
L_0x12514bcf0 .part L_0x125151b20, 1, 1;
L_0x12514be80 .part L_0x125151b20, 0, 1;
L_0x12514c160 .arith/sum 1, L_0x12514b420, L_0x12514c3b0;
L_0x12514c2a0 .part L_0x125151b20, 5, 1;
L_0x12514c720 .reduce/nor L_0x12514c2a0;
L_0x12514c7c0 .part L_0x125151b20, 4, 1;
L_0x12514c860 .reduce/nor L_0x12514c7c0;
L_0x12514ca30 .part L_0x125151b20, 3, 1;
L_0x12514cad0 .reduce/nor L_0x12514ca30;
L_0x12514c4c0 .part L_0x125151b20, 2, 1;
L_0x12514c650 .part L_0x125151b20, 1, 1;
L_0x12514cf10 .reduce/nor L_0x12514c650;
L_0x12514cca0 .part L_0x125151b20, 0, 1;
L_0x12514cd40 .reduce/nor L_0x12514cca0;
L_0x12514d3a0 .part L_0x125151b20, 5, 1;
L_0x12514d440 .reduce/nor L_0x12514d3a0;
L_0x12514d520 .part L_0x125151b20, 4, 1;
L_0x12514d5c0 .reduce/nor L_0x12514d520;
L_0x12514d0e0 .part L_0x125151b20, 3, 1;
L_0x12514d290 .part L_0x125151b20, 2, 1;
L_0x12514d7b0 .part L_0x125151b20, 1, 1;
L_0x12514d850 .reduce/nor L_0x12514d7b0;
L_0x12514ddd0 .part L_0x125151b20, 0, 1;
L_0x12514db30 .concat8 [ 1 1 1 0], L_0x12514e8f0, L_0x12514de70, L_0x12514ce20;
L_0x12514dc50 .part L_0x125151b20, 5, 1;
L_0x12514dcf0 .reduce/nor L_0x12514dc50;
L_0x12514e230 .part L_0x125151b20, 4, 1;
L_0x12514e2d0 .reduce/nor L_0x12514e230;
L_0x12514e4e0 .part L_0x125151b20, 3, 1;
L_0x12514e580 .reduce/nor L_0x12514e4e0;
L_0x12514df80 .part L_0x125151b20, 2, 1;
L_0x12514e020 .reduce/nor L_0x12514df80;
L_0x12514ea30 .part L_0x125151b20, 1, 1;
L_0x12514ead0 .reduce/nor L_0x12514ea30;
L_0x12514e770 .part L_0x125151b20, 0, 1;
L_0x12514e810 .reduce/nor L_0x12514e770;
L_0x12514ef70 .part L_0x125151b20, 5, 1;
L_0x12514f010 .reduce/nor L_0x12514ef70;
L_0x12514f0f0 .part L_0x125151b20, 4, 1;
L_0x12514f190 .reduce/nor L_0x12514f0f0;
L_0x12514eca0 .part L_0x125151b20, 3, 1;
L_0x12514ed40 .reduce/nor L_0x12514eca0;
L_0x12514f660 .part L_0x125151b20, 2, 1;
L_0x12514f700 .reduce/nor L_0x12514f660;
L_0x12514f380 .part L_0x125151b20, 1, 1;
L_0x12514f420 .reduce/nor L_0x12514f380;
L_0x12514fba0 .part L_0x125151b20, 0, 1;
L_0x12514fc40 .reduce/nor L_0x12514fba0;
S_0x125122940 .scope module, "mux" "mux2_112" 4 35, 7 1 0, S_0x1251047c0;
 .timescale -9 -12;
    .port_info 0 /INPUT 3 "a";
    .port_info 1 /INPUT 3 "b";
    .port_info 2 /INPUT 1 "s";
    .port_info 3 /OUTPUT 3 "y";
P_0x1251162f0 .param/l "WITDH" 0 7 1, +C4<00000000000000000000000000000011>;
v0x125122bf0_0 .net *"_ivl_0", 31 0, L_0x125151700;  1 drivers
L_0x108040cb8 .functor BUFT 1, C4<0000000000000000000000000000000>, C4<0>, C4<0>, C4<0>;
v0x125122c90_0 .net *"_ivl_3", 30 0, L_0x108040cb8;  1 drivers
L_0x108040d00 .functor BUFT 1, C4<00000000000000000000000000000000>, C4<0>, C4<0>, C4<0>;
v0x125122d30_0 .net/2u *"_ivl_4", 31 0, L_0x108040d00;  1 drivers
v0x125122dc0_0 .net *"_ivl_6", 0 0, L_0x125151820;  1 drivers
v0x125122e50_0 .net "a", 2 0, L_0x12514db30;  alias, 1 drivers
v0x125122f20_0 .net "b", 2 0, L_0x1251506b0;  alias, 1 drivers
v0x125122fb0_0 .net "s", 0 0, L_0x12514fce0;  alias, 1 drivers
v0x125123060_0 .net "y", 2 0, L_0x125151940;  alias, 1 drivers
L_0x125151700 .concat [ 1 31 0 0], L_0x12514fce0, L_0x108040cb8;
L_0x125151820 .cmp/eq 32, L_0x125151700, L_0x108040d00;
L_0x125151940 .functor MUXZ 3, L_0x1251506b0, L_0x12514db30, L_0x125151820, C4<>;
S_0x125123c00 .scope module, "dataPath" "dataPath_112" 3 12, 8 13 0, S_0x125104650;
 .timescale -9 -12;
    .port_info 0 /INPUT 1 "clk";
    .port_info 1 /INPUT 1 "RegWr";
    .port_info 2 /INPUT 1 "RegDst";
    .port_info 3 /INPUT 1 "ExtOp";
    .port_info 4 /INPUT 1 "ALUsrc";
    .port_info 5 /INPUT 3 "ALUctr";
    .port_info 6 /INPUT 1 "MemWr";
    .port_info 7 /INPUT 1 "MemtoReg";
    .port_info 8 /INPUT 1 "Branch";
    .port_info 9 /INPUT 1 "Jump";
    .port_info 10 /OUTPUT 32 "Instruction";
L_0x12513b8b0 .functor NOT 1, L_0x12513fdb0, C4<0>, C4<0>, C4<0>;
L_0x12513b960 .functor AND 1, L_0x1251484d0, L_0x12513b8b0, C4<1>, C4<1>;
v0x1251343c0_0 .net "ALU_result", 31 0, v0x125128af0_0;  1 drivers
v0x1251344d0_0 .net "ALUctr", 2 0, L_0x125151940;  alias, 1 drivers
v0x1251345e0_0 .net "ALUsrc", 0 0, L_0x125144860;  alias, 1 drivers
v0x125134670_0 .net "Branch", 0 0, L_0x12514a310;  alias, 1 drivers
v0x125134700_0 .net "ExtOp", 0 0, L_0x12514c160;  alias, 1 drivers
v0x125134790_0 .net "Instruction", 31 0, L_0x125136b30;  alias, 1 drivers
v0x125134820_0 .net "Jump", 0 0, L_0x12514acc0;  alias, 1 drivers
v0x125134930_0 .net "MemWr", 0 0, L_0x125148f90;  alias, 1 drivers
v0x1251349c0_0 .net "MemtoReg", 0 0, L_0x125144cb0;  alias, 1 drivers
v0x125134ad0_0 .net "Overflow", 0 0, L_0x12513fdb0;  1 drivers
v0x125134b60_0 .net "Rd", 4 0, L_0x12513afd0;  1 drivers
v0x125134bf0_0 .net "RegDst", 0 0, L_0x125141120;  alias, 1 drivers
v0x125134c80_0 .net "RegWr", 0 0, L_0x1251484d0;  alias, 1 drivers
v0x125134d10_0 .net "Rs", 4 0, L_0x12513ad90;  1 drivers
v0x125134da0_0 .net "Rt", 4 0, L_0x12513ae30;  1 drivers
v0x125134e30_0 .net "Zero", 0 0, L_0x12513e4b0;  1 drivers
v0x125134ec0_0 .net *"_ivl_6", 0 0, L_0x12513b8b0;  1 drivers
v0x125135050_0 .net "busA", 31 0, L_0x12513b4d0;  1 drivers
v0x1251350e0_0 .net "busB", 31 0, L_0x12513b7c0;  1 drivers
v0x125135180_0 .net "clk", 0 0, v0x1251360c0_0;  alias, 1 drivers
v0x125135210_0 .net "dataMem_out", 31 0, L_0x12513fef0;  1 drivers
v0x1251352f0_0 .net "ext_imm", 31 0, L_0x12513c2a0;  1 drivers
v0x125135380_0 .net "mux1_out", 4 0, L_0x12513b1f0;  1 drivers
v0x125135450_0 .net "mux2_out", 31 0, L_0x12513c710;  1 drivers
v0x125135520_0 .net "mux3_out", 31 0, L_0x1251401c0;  1 drivers
L_0x12513ad90 .part L_0x125136b30, 21, 5;
L_0x12513ae30 .part L_0x125136b30, 16, 5;
L_0x12513afd0 .part L_0x125136b30, 11, 5;
L_0x12513c470 .part L_0x125136b30, 0, 16;
S_0x125123ee0 .scope module, "ALU" "ALU_112" 8 76, 9 1 0, S_0x125123c00;
 .timescale -9 -12;
    .port_info 0 /INPUT 32 "A";
    .port_info 1 /INPUT 32 "B";
    .port_info 2 /INPUT 3 "ALUctr";
    .port_info 3 /OUTPUT 32 "Result";
    .port_info 4 /OUTPUT 1 "Zero";
    .port_info 5 /OUTPUT 1 "Overflow";
L_0x12513ecf0 .functor XOR 32, L_0x12513c710, L_0x12513d870, C4<00000000000000000000000000000000>, C4<00000000000000000000000000000000>;
L_0x12513f700 .functor XOR 1, L_0x12513c870, L_0x12513e400, C4<0>, C4<0>;
L_0x12513f7b0 .functor XOR 1, L_0x12513f070, L_0x12513f280, C4<0>, C4<0>;
L_0x12513fc40 .functor OR 32, L_0x12513b4d0, L_0x12513c710, C4<00000000000000000000000000000000>, C4<00000000000000000000000000000000>;
L_0x12513fdb0 .functor AND 1, L_0x12513f070, L_0x125134560, C4<1>, C4<1>;
v0x125128c50_0 .net "A", 31 0, L_0x12513b4d0;  alias, 1 drivers
v0x125128d00_0 .net "ALUctr", 2 0, L_0x125151940;  alias, 1 drivers
v0x125128d90_0 .net "Add_Carry", 0 0, L_0x12513e400;  1 drivers
v0x125128e40_0 .net "Add_Overflow", 0 0, L_0x12513f070;  1 drivers
v0x125128ef0_0 .net "Add_Result", 31 0, L_0x12513d9f0;  1 drivers
v0x125129000_0 .net "Add_Sign", 0 0, L_0x12513f280;  1 drivers
v0x125129090_0 .net "B", 31 0, L_0x12513c710;  alias, 1 drivers
v0x125129120_0 .net "OPctr", 1 0, L_0x12513cfc0;  1 drivers
v0x1251291f0_0 .net "OVctr", 0 0, L_0x125134560;  1 drivers
v0x125129300_0 .net "Overflow", 0 0, L_0x12513fdb0;  alias, 1 drivers
v0x125129390_0 .net "Result", 31 0, v0x125128af0_0;  alias, 1 drivers
v0x125129420_0 .net "SIGctr", 0 0, L_0x12513ccc0;  1 drivers
v0x1251294b0_0 .net "SUBctr", 0 0, L_0x12513c870;  1 drivers
v0x125129540_0 .net "SUBctr_ext", 31 0, L_0x12513d870;  1 drivers
v0x1251295d0_0 .net "Zero", 0 0, L_0x12513e4b0;  alias, 1 drivers
v0x125129680_0 .net "mux1_out", 0 0, L_0x12513f620;  1 drivers
v0x125129750_0 .net "mux3_2", 31 0, L_0x12513fae0;  1 drivers
S_0x125124160 .scope module, "ALUctrProcess" "ALUctrProcess_112" 9 23, 10 1 0, S_0x125123ee0;
 .timescale -9 -12;
    .port_info 0 /INPUT 3 "ALUctr";
    .port_info 1 /OUTPUT 1 "SUBctr";
    .port_info 2 /OUTPUT 1 "OVctr";
    .port_info 3 /OUTPUT 1 "SIGctr";
    .port_info 4 /OUTPUT 2 "OPctr";
L_0x12513ca30 .functor NOT 1, L_0x12513c990, C4<0>, C4<0>, C4<0>;
L_0x125134560 .functor AND 1, L_0x12513ca30, L_0x12513caa0, C4<1>, C4<1>;
L_0x12513ced0 .functor AND 1, L_0x12513cd60, L_0x12513ce30, C4<1>, C4<1>;
L_0x12513d180 .functor NOT 1, L_0x12513d0e0, C4<0>, C4<0>, C4<0>;
L_0x12513d320 .functor AND 1, L_0x12513d180, L_0x12513d230, C4<1>, C4<1>;
L_0x12513d4b0 .functor NOT 1, L_0x12513d410, C4<0>, C4<0>, C4<0>;
L_0x12513d560 .functor AND 1, L_0x12513d320, L_0x12513d4b0, C4<1>, C4<1>;
v0x1251243e0_0 .net "ALUctr", 2 0, L_0x125151940;  alias, 1 drivers
v0x1251244d0_0 .net "OPctr", 1 0, L_0x12513cfc0;  alias, 1 drivers
v0x125124570_0 .net "OVctr", 0 0, L_0x125134560;  alias, 1 drivers
v0x125124620_0 .net "SIGctr", 0 0, L_0x12513ccc0;  alias, 1 drivers
v0x1251246b0_0 .net "SUBctr", 0 0, L_0x12513c870;  alias, 1 drivers
v0x125124790_0 .net *"_ivl_15", 0 0, L_0x12513cd60;  1 drivers
v0x125124840_0 .net *"_ivl_17", 0 0, L_0x12513ce30;  1 drivers
v0x1251248f0_0 .net *"_ivl_18", 0 0, L_0x12513ced0;  1 drivers
v0x1251249a0_0 .net *"_ivl_24", 0 0, L_0x12513d0e0;  1 drivers
v0x125124ab0_0 .net *"_ivl_25", 0 0, L_0x12513d180;  1 drivers
v0x125124b60_0 .net *"_ivl_28", 0 0, L_0x12513d230;  1 drivers
v0x125124c10_0 .net *"_ivl_29", 0 0, L_0x12513d320;  1 drivers
v0x125124cc0_0 .net *"_ivl_3", 0 0, L_0x12513c990;  1 drivers
v0x125124d70_0 .net *"_ivl_32", 0 0, L_0x12513d410;  1 drivers
v0x125124e20_0 .net *"_ivl_33", 0 0, L_0x12513d4b0;  1 drivers
v0x125124ed0_0 .net *"_ivl_35", 0 0, L_0x12513d560;  1 drivers
v0x125124f80_0 .net *"_ivl_4", 0 0, L_0x12513ca30;  1 drivers
v0x125125110_0 .net *"_ivl_7", 0 0, L_0x12513caa0;  1 drivers
L_0x12513c870 .part L_0x125151940, 2, 1;
L_0x12513c990 .part L_0x125151940, 1, 1;
L_0x12513caa0 .part L_0x125151940, 0, 1;
L_0x12513ccc0 .part L_0x125151940, 0, 1;
L_0x12513cd60 .part L_0x125151940, 2, 1;
L_0x12513ce30 .part L_0x125151940, 1, 1;
L_0x12513cfc0 .concat8 [ 1 1 0 0], L_0x12513d560, L_0x12513ced0;
L_0x12513d0e0 .part L_0x125151940, 2, 1;
L_0x12513d230 .part L_0x125151940, 1, 1;
L_0x12513d410 .part L_0x125151940, 0, 1;
S_0x125125220 .scope module, "add32" "add32_112" 9 38, 11 2 0, S_0x125123ee0;
 .timescale -9 -12;
    .port_info 0 /INPUT 32 "A";
    .port_info 1 /INPUT 32 "B";
    .port_info 2 /INPUT 1 "c0";
    .port_info 3 /OUTPUT 32 "S";
    .port_info 4 /OUTPUT 1 "C32";
    .port_info 5 /OUTPUT 1 "Add_Carry";
    .port_info 6 /OUTPUT 1 "Zero";
    .port_info 7 /OUTPUT 1 "Add_Overflow";
    .port_info 8 /OUTPUT 1 "Add_Sign";
L_0x12513e400 .functor XOR 1, L_0x12513c870, L_0x12513d950, C4<0>, C4<0>;
L_0x12513e770 .functor AND 1, L_0x12513e5d0, L_0x12513e6d0, C4<1>, C4<1>;
L_0x12513e970 .functor NOT 1, L_0x12513e860, C4<0>, C4<0>, C4<0>;
L_0x12513e9e0 .functor AND 1, L_0x12513e770, L_0x12513e970, C4<1>, C4<1>;
L_0x12513eb70 .functor NOT 1, L_0x12513ead0, C4<0>, C4<0>, C4<0>;
L_0x12513e900 .functor NOT 1, L_0x12513ec50, C4<0>, C4<0>, C4<0>;
L_0x12513edb0 .functor AND 1, L_0x12513eb70, L_0x12513e900, C4<1>, C4<1>;
L_0x12513ef80 .functor AND 1, L_0x12513edb0, L_0x12513eee0, C4<1>, C4<1>;
v0x1251254c0_0 .net "A", 31 0, L_0x12513b4d0;  alias, 1 drivers
v0x125125550_0 .net "Add_Carry", 0 0, L_0x12513e400;  alias, 1 drivers
v0x1251255e0_0 .net "Add_Overflow", 0 0, L_0x12513f070;  alias, 1 drivers
v0x125125670_0 .net "Add_Sign", 0 0, L_0x12513f280;  alias, 1 drivers
v0x125125710_0 .net "B", 31 0, L_0x12513ecf0;  1 drivers
v0x125125800_0 .net "C32", 0 0, L_0x12513d950;  1 drivers
v0x1251258a0_0 .net "S", 31 0, L_0x12513d9f0;  alias, 1 drivers
v0x125125950_0 .net "Zero", 0 0, L_0x12513e4b0;  alias, 1 drivers
L_0x108040910 .functor BUFT 1, C4<0>, C4<0>, C4<0>, C4<0>;
v0x1251259f0_0 .net *"_ivl_10", 0 0, L_0x108040910;  1 drivers
v0x125125b00_0 .net *"_ivl_11", 32 0, L_0x1251393d0;  1 drivers
v0x125125bb0_0 .net *"_ivl_13", 31 0, L_0x12513df10;  1 drivers
L_0x108040958 .functor BUFT 1, C4<0000000000000000000000000000000>, C4<0>, C4<0>, C4<0>;
v0x125125c60_0 .net *"_ivl_16", 30 0, L_0x108040958;  1 drivers
L_0x1080409a0 .functor BUFT 1, C4<00000000000000000000000000000001>, C4<0>, C4<0>, C4<0>;
v0x125125d10_0 .net/2u *"_ivl_17", 31 0, L_0x1080409a0;  1 drivers
v0x125125dc0_0 .net *"_ivl_19", 0 0, L_0x12513e010;  1 drivers
v0x125125e60_0 .net/2u *"_ivl_21", 32 0, L_0x12513e130;  1 drivers
L_0x1080409e8 .functor BUFT 1, C4<00000000000000000000000000000000>, C4<0>, C4<0>, C4<0>;
v0x125125f10_0 .net/2u *"_ivl_24", 31 0, L_0x1080409e8;  1 drivers
v0x125125fc0_0 .net *"_ivl_25", 32 0, L_0x12513e270;  1 drivers
L_0x108040a30 .functor BUFT 1, C4<00000000000000000000000000000000>, C4<0>, C4<0>, C4<0>;
v0x125126150_0 .net/2u *"_ivl_29", 31 0, L_0x108040a30;  1 drivers
v0x1251261e0_0 .net *"_ivl_3", 32 0, L_0x12513da90;  1 drivers
v0x125126290_0 .net *"_ivl_34", 0 0, L_0x12513e5d0;  1 drivers
v0x125126340_0 .net *"_ivl_36", 0 0, L_0x12513e6d0;  1 drivers
v0x1251263f0_0 .net *"_ivl_37", 0 0, L_0x12513e770;  1 drivers
v0x1251264a0_0 .net *"_ivl_40", 0 0, L_0x12513e860;  1 drivers
v0x125126550_0 .net *"_ivl_41", 0 0, L_0x12513e970;  1 drivers
v0x125126600_0 .net *"_ivl_43", 0 0, L_0x12513e9e0;  1 drivers
v0x1251266b0_0 .net *"_ivl_46", 0 0, L_0x12513ead0;  1 drivers
v0x125126760_0 .net *"_ivl_47", 0 0, L_0x12513eb70;  1 drivers
v0x125126810_0 .net *"_ivl_50", 0 0, L_0x12513ec50;  1 drivers
v0x1251268c0_0 .net *"_ivl_51", 0 0, L_0x12513e900;  1 drivers
v0x125126970_0 .net *"_ivl_53", 0 0, L_0x12513edb0;  1 drivers
v0x125126a20_0 .net *"_ivl_56", 0 0, L_0x12513eee0;  1 drivers
v0x125126ad0_0 .net *"_ivl_57", 0 0, L_0x12513ef80;  1 drivers
L_0x1080408c8 .functor BUFT 1, C4<0>, C4<0>, C4<0>, C4<0>;
v0x125126b80_0 .net *"_ivl_6", 0 0, L_0x1080408c8;  1 drivers
v0x125126070_0 .net *"_ivl_7", 32 0, L_0x12513dbb0;  1 drivers
v0x125126e10_0 .net "c0", 0 0, L_0x12513c870;  alias, 1 drivers
L_0x12513d950 .part L_0x12513e270, 32, 1;
L_0x12513d9f0 .part L_0x12513e270, 0, 32;
L_0x12513da90 .concat [ 32 1 0 0], L_0x12513b4d0, L_0x1080408c8;
L_0x12513dbb0 .concat [ 32 1 0 0], L_0x12513ecf0, L_0x108040910;
L_0x1251393d0 .arith/sum 33, L_0x12513da90, L_0x12513dbb0;
L_0x12513df10 .concat [ 1 31 0 0], L_0x12513c870, L_0x108040958;
L_0x12513e010 .cmp/eeq 32, L_0x12513df10, L_0x1080409a0;
L_0x12513e130 .concat [ 1 32 0 0], L_0x12513e010, L_0x1080409e8;
L_0x12513e270 .arith/sum 33, L_0x1251393d0, L_0x12513e130;
L_0x12513e4b0 .cmp/eq 32, L_0x12513d9f0, L_0x108040a30;
L_0x12513e5d0 .part L_0x12513b4d0, 31, 1;
L_0x12513e6d0 .part L_0x12513ecf0, 31, 1;
L_0x12513e860 .part L_0x12513d9f0, 31, 1;
L_0x12513ead0 .part L_0x12513b4d0, 31, 1;
L_0x12513ec50 .part L_0x12513ecf0, 31, 1;
L_0x12513eee0 .part L_0x12513d9f0, 31, 1;
L_0x12513f070 .arith/sum 1, L_0x12513e9e0, L_0x12513ef80;
L_0x12513f280 .part L_0x12513d9f0, 31, 1;
S_0x125126ee0 .scope module, "extForSUBctr" "extForSUBctr_112" 9 32, 12 1 0, S_0x125123ee0;
 .timescale -9 -12;
    .port_info 0 /INPUT 1 "A";
    .port_info 1 /OUTPUT 32 "B";
v0x1251270a0_0 .net "A", 0 0, L_0x12513c870;  alias, 1 drivers
v0x125127180_0 .net "B", 31 0, L_0x12513d870;  alias, 1 drivers
v0x125127220_0 .net *"_ivl_0", 30 0, L_0x12513d6d0;  1 drivers
LS_0x12513d6d0_0_0 .concat [ 1 1 1 1], L_0x12513c870, L_0x12513c870, L_0x12513c870, L_0x12513c870;
LS_0x12513d6d0_0_4 .concat [ 1 1 1 1], L_0x12513c870, L_0x12513c870, L_0x12513c870, L_0x12513c870;
LS_0x12513d6d0_0_8 .concat [ 1 1 1 1], L_0x12513c870, L_0x12513c870, L_0x12513c870, L_0x12513c870;
LS_0x12513d6d0_0_12 .concat [ 1 1 1 1], L_0x12513c870, L_0x12513c870, L_0x12513c870, L_0x12513c870;
LS_0x12513d6d0_0_16 .concat [ 1 1 1 1], L_0x12513c870, L_0x12513c870, L_0x12513c870, L_0x12513c870;
LS_0x12513d6d0_0_20 .concat [ 1 1 1 1], L_0x12513c870, L_0x12513c870, L_0x12513c870, L_0x12513c870;
LS_0x12513d6d0_0_24 .concat [ 1 1 1 1], L_0x12513c870, L_0x12513c870, L_0x12513c870, L_0x12513c870;
LS_0x12513d6d0_0_28 .concat [ 1 1 1 0], L_0x12513c870, L_0x12513c870, L_0x12513c870;
LS_0x12513d6d0_1_0 .concat [ 4 4 4 4], LS_0x12513d6d0_0_0, LS_0x12513d6d0_0_4, LS_0x12513d6d0_0_8, LS_0x12513d6d0_0_12;
LS_0x12513d6d0_1_4 .concat [ 4 4 4 3], LS_0x12513d6d0_0_16, LS_0x12513d6d0_0_20, LS_0x12513d6d0_0_24, LS_0x12513d6d0_0_28;
L_0x12513d6d0 .concat [ 16 15 0 0], LS_0x12513d6d0_1_0, LS_0x12513d6d0_1_4;
L_0x12513d870 .concat [ 1 31 0 0], L_0x12513c870, L_0x12513d6d0;
S_0x125127300 .scope module, "mux1" "mux2_112" 9 51, 7 1 0, S_0x125123ee0;
 .timescale -9 -12;
    .port_info 0 /INPUT 1 "a";
    .port_info 1 /INPUT 1 "b";
    .port_info 2 /INPUT 1 "s";
    .port_info 3 /OUTPUT 1 "y";
P_0x1251274c0 .param/l "WITDH" 0 7 1, +C4<00000000000000000000000000000001>;
v0x125127660_0 .net *"_ivl_0", 31 0, L_0x12513f460;  1 drivers
L_0x108040a78 .functor BUFT 1, C4<0000000000000000000000000000000>, C4<0>, C4<0>, C4<0>;
v0x125127710_0 .net *"_ivl_3", 30 0, L_0x108040a78;  1 drivers
L_0x108040ac0 .functor BUFT 1, C4<00000000000000000000000000000000>, C4<0>, C4<0>, C4<0>;
v0x1251277b0_0 .net/2u *"_ivl_4", 31 0, L_0x108040ac0;  1 drivers
v0x125127840_0 .net *"_ivl_6", 0 0, L_0x12513f580;  1 drivers
v0x1251278d0_0 .net "a", 0 0, L_0x12513f700;  1 drivers
v0x1251279a0_0 .net "b", 0 0, L_0x12513f7b0;  1 drivers
v0x125127a40_0 .net "s", 0 0, L_0x12513ccc0;  alias, 1 drivers
v0x125127ad0_0 .net "y", 0 0, L_0x12513f620;  alias, 1 drivers
L_0x12513f460 .concat [ 1 31 0 0], L_0x12513ccc0, L_0x108040a78;
L_0x12513f580 .cmp/eq 32, L_0x12513f460, L_0x108040ac0;
L_0x12513f620 .functor MUXZ 1, L_0x12513f7b0, L_0x12513f700, L_0x12513f580, C4<>;
S_0x125127bd0 .scope module, "mux2" "mux2_112" 9 59, 7 1 0, S_0x125123ee0;
 .timescale -9 -12;
    .port_info 0 /INPUT 32 "a";
    .port_info 1 /INPUT 32 "b";
    .port_info 2 /INPUT 1 "s";
    .port_info 3 /OUTPUT 32 "y";
P_0x125127dd0 .param/l "WITDH" 0 7 1, +C4<00000000000000000000000000100000>;
v0x125127f30_0 .net *"_ivl_0", 31 0, L_0x12513f860;  1 drivers
L_0x108040b08 .functor BUFT 1, C4<0000000000000000000000000000000>, C4<0>, C4<0>, C4<0>;
v0x125127ff0_0 .net *"_ivl_3", 30 0, L_0x108040b08;  1 drivers
L_0x108040b50 .functor BUFT 1, C4<00000000000000000000000000000000>, C4<0>, C4<0>, C4<0>;
v0x125128090_0 .net/2u *"_ivl_4", 31 0, L_0x108040b50;  1 drivers
v0x125128120_0 .net *"_ivl_6", 0 0, L_0x12513f9a0;  1 drivers
L_0x108040b98 .functor BUFT 1, C4<00000000000000000000000000000000>, C4<0>, C4<0>, C4<0>;
v0x1251281b0_0 .net "a", 31 0, L_0x108040b98;  1 drivers
L_0x108040be0 .functor BUFT 1, C4<11111111111111111111111111111111>, C4<0>, C4<0>, C4<0>;
v0x125128280_0 .net "b", 31 0, L_0x108040be0;  1 drivers
v0x125128320_0 .net "s", 0 0, L_0x12513f620;  alias, 1 drivers
v0x1251283b0_0 .net "y", 31 0, L_0x12513fae0;  alias, 1 drivers
L_0x12513f860 .concat [ 1 31 0 0], L_0x12513f620, L_0x108040b08;
L_0x12513f9a0 .cmp/eq 32, L_0x12513f860, L_0x108040b50;
L_0x12513fae0 .functor MUXZ 32, L_0x108040be0, L_0x108040b98, L_0x12513f9a0, C4<>;
S_0x1251284b0 .scope module, "mux3" "mux3_112" 9 67, 13 1 0, S_0x125123ee0;
 .timescale -9 -12;
    .port_info 0 /INPUT 32 "D0";
    .port_info 1 /INPUT 32 "D1";
    .port_info 2 /INPUT 32 "D2";
    .port_info 3 /INPUT 2 "s";
    .port_info 4 /OUTPUT 32 "y";
P_0x125128670 .param/l "WITDH" 0 13 1, +C4<00000000000000000000000000100000>;
v0x125128800_0 .net "D0", 31 0, L_0x12513d9f0;  alias, 1 drivers
v0x1251288d0_0 .net "D1", 31 0, L_0x12513fc40;  1 drivers
v0x125128970_0 .net "D2", 31 0, L_0x12513fae0;  alias, 1 drivers
v0x125128a40_0 .net "s", 1 0, L_0x12513cfc0;  alias, 1 drivers
v0x125128af0_0 .var "y", 31 0;
E_0x1251287a0 .event edge, v0x1251283b0_0, v0x1251288d0_0, v0x1251258a0_0, v0x1251244d0_0;
S_0x125129920 .scope module, "dataMem" "dataMem_112" 8 86, 14 1 0, S_0x125123c00;
 .timescale -9 -12;
    .port_info 0 /INPUT 1 "clk";
    .port_info 1 /INPUT 32 "din";
    .port_info 2 /INPUT 1 "wEn";
    .port_info 3 /INPUT 32 "addr";
    .port_info 4 /OUTPUT 32 "dout";
L_0x12513fef0 .functor BUFZ 32, L_0x12513fe50, C4<00000000000000000000000000000000>, C4<00000000000000000000000000000000>, C4<00000000000000000000000000000000>;
v0x125129b90 .array "R", 1023 0, 31 0;
v0x125129c20_0 .net *"_ivl_0", 31 0, L_0x12513fe50;  1 drivers
v0x125129cd0_0 .net "addr", 31 0, v0x125128af0_0;  alias, 1 drivers
v0x125129dc0_0 .net "clk", 0 0, v0x1251360c0_0;  alias, 1 drivers
v0x125129e60_0 .net "din", 31 0, L_0x12513b7c0;  alias, 1 drivers
v0x125129f30_0 .net "dout", 31 0, L_0x12513fef0;  alias, 1 drivers
v0x125129fe0_0 .net "wEn", 0 0, L_0x125148f90;  alias, 1 drivers
E_0x125129b60 .event posedge, v0x125129dc0_0;
L_0x12513fe50 .array/port v0x125129b90, v0x125128af0_0;
S_0x12512a110 .scope module, "ext" "ext_112" 8 61, 15 1 0, S_0x125123c00;
 .timescale -9 -12;
    .port_info 0 /INPUT 16 "A";
    .port_info 1 /OUTPUT 32 "B";
    .port_info 2 /INPUT 1 "ExtOp";
L_0x12513c380 .functor BUFZ 16, L_0x12513c470, C4<0000000000000000>, C4<0000000000000000>, C4<0000000000000000>;
v0x12512a320_0 .net "A", 15 0, L_0x12513c470;  1 drivers
v0x12512a3c0_0 .net "B", 31 0, L_0x12513c2a0;  alias, 1 drivers
v0x12512a470_0 .net "ExtOp", 0 0, L_0x12514c160;  alias, 1 drivers
L_0x1080407f0 .functor BUFT 1, C4<0000000000000000>, C4<0>, C4<0>, C4<0>;
v0x12512a560_0 .net/2u *"_ivl_10", 15 0, L_0x1080407f0;  1 drivers
v0x12512a600_0 .net *"_ivl_13", 0 0, L_0x12513bcb0;  1 drivers
v0x12512a6d0_0 .net *"_ivl_14", 15 0, L_0x12513bd90;  1 drivers
v0x12512a780_0 .net *"_ivl_16", 15 0, L_0x12513bfa0;  1 drivers
v0x12512a830_0 .net *"_ivl_2", 31 0, L_0x12513ba50;  1 drivers
v0x12512a8e0_0 .net *"_ivl_22", 15 0, L_0x12513c380;  1 drivers
L_0x108040760 .functor BUFT 1, C4<0000000000000000000000000000000>, C4<0>, C4<0>, C4<0>;
v0x12512a9f0_0 .net *"_ivl_5", 30 0, L_0x108040760;  1 drivers
L_0x1080407a8 .functor BUFT 1, C4<00000000000000000000000000000000>, C4<0>, C4<0>, C4<0>;
v0x12512aaa0_0 .net/2u *"_ivl_6", 31 0, L_0x1080407a8;  1 drivers
v0x12512ab50_0 .net *"_ivl_8", 0 0, L_0x12513bb70;  1 drivers
L_0x12513ba50 .concat [ 1 31 0 0], L_0x12514c160, L_0x108040760;
L_0x12513bb70 .cmp/eq 32, L_0x12513ba50, L_0x1080407a8;
L_0x12513bcb0 .part L_0x12513c470, 15, 1;
LS_0x12513bd90_0_0 .concat [ 1 1 1 1], L_0x12513bcb0, L_0x12513bcb0, L_0x12513bcb0, L_0x12513bcb0;
LS_0x12513bd90_0_4 .concat [ 1 1 1 1], L_0x12513bcb0, L_0x12513bcb0, L_0x12513bcb0, L_0x12513bcb0;
LS_0x12513bd90_0_8 .concat [ 1 1 1 1], L_0x12513bcb0, L_0x12513bcb0, L_0x12513bcb0, L_0x12513bcb0;
LS_0x12513bd90_0_12 .concat [ 1 1 1 1], L_0x12513bcb0, L_0x12513bcb0, L_0x12513bcb0, L_0x12513bcb0;
L_0x12513bd90 .concat [ 4 4 4 4], LS_0x12513bd90_0_0, LS_0x12513bd90_0_4, LS_0x12513bd90_0_8, LS_0x12513bd90_0_12;
L_0x12513bfa0 .functor MUXZ 16, L_0x12513bd90, L_0x1080407f0, L_0x12513bb70, C4<>;
L_0x12513c2a0 .concat8 [ 16 16 0 0], L_0x12513c380, L_0x12513bfa0;
S_0x12512ac40 .scope module, "getInstruction" "getInstruction_112" 8 28, 16 1 0, S_0x125123c00;
 .timescale 0 0;
    .port_info 0 /INPUT 1 "clk";
    .port_info 1 /INPUT 1 "Zero";
    .port_info 2 /INPUT 1 "Branch";
    .port_info 3 /INPUT 1 "Jump";
    .port_info 4 /OUTPUT 32 "Instruction";
L_0x12513a660 .functor AND 1, L_0x12514a310, L_0x12513e4b0, C4<1>, C4<1>;
v0x125130f30_0 .net "Branch", 0 0, L_0x12514a310;  alias, 1 drivers
v0x125131000_0 .net "Instruction", 31 0, L_0x125136b30;  alias, 1 drivers
v0x125131090_0 .net "Jump", 0 0, L_0x12514acc0;  alias, 1 drivers
v0x125131140_0 .net "NPC", 31 0, L_0x12513abf0;  1 drivers
v0x1251311f0_0 .var "PC", 31 0;
v0x125131300_0 .net "Zero", 0 0, L_0x12513e4b0;  alias, 1 drivers
L_0x108040568 .functor BUFT 1, C4<00>, C4<0>, C4<0>, C4<0>;
v0x1251313d0_0 .net/2u *"_ivl_10", 1 0, L_0x108040568;  1 drivers
v0x125131460_0 .net *"_ivl_7", 3 0, L_0x12513a710;  1 drivers
v0x1251314f0_0 .net *"_ivl_9", 25 0, L_0x12513a7b0;  1 drivers
v0x125131600_0 .net "add1_out", 31 0, L_0x125136e10;  1 drivers
v0x125131690_0 .net "add2_out", 31 0, L_0x125138ad0;  1 drivers
v0x125131720_0 .net "clk", 0 0, v0x1251360c0_0;  alias, 1 drivers
v0x1251317b0_0 .net "mux1_out", 31 0, L_0x12513a480;  1 drivers
v0x125131880_0 .net "mux2_1", 31 0, L_0x12513a850;  1 drivers
v0x125131920_0 .net "sext_imm", 31 0, L_0x125138870;  1 drivers
L_0x125138990 .part L_0x125136b30, 0, 16;
L_0x12513a710 .part v0x1251311f0_0, 28, 4;
L_0x12513a7b0 .part L_0x125136b30, 0, 26;
L_0x12513a850 .concat [ 2 26 4 0], L_0x108040568, L_0x12513a7b0, L_0x12513a710;
S_0x12512ae80 .scope module, "add1" "add32_112" 16 26, 11 2 0, S_0x12512ac40;
 .timescale -9 -12;
    .port_info 0 /INPUT 32 "A";
    .port_info 1 /INPUT 32 "B";
    .port_info 2 /INPUT 1 "c0";
    .port_info 3 /OUTPUT 32 "S";
    .port_info 4 /OUTPUT 1 "C32";
    .port_info 5 /OUTPUT 1 "Add_Carry";
    .port_info 6 /OUTPUT 1 "Zero";
    .port_info 7 /OUTPUT 1 "Add_Overflow";
    .port_info 8 /OUTPUT 1 "Add_Sign";
o0x10800e070 .functor BUFZ 1, C4<z>; HiZ drive
L_0x125137480 .functor XOR 1, o0x10800e070, L_0x125136d70, C4<0>, C4<0>;
L_0x125136330 .functor AND 1, L_0x125137610, L_0x125137800, C4<1>, C4<1>;
L_0x125137a40 .functor NOT 1, L_0x125137940, C4<0>, C4<0>, C4<0>;
L_0x125137ab0 .functor AND 1, L_0x125136330, L_0x125137a40, C4<1>, C4<1>;
L_0x125137c80 .functor NOT 1, L_0x125137be0, C4<0>, C4<0>, C4<0>;
L_0x125137e80 .functor NOT 1, L_0x125137d30, C4<0>, C4<0>, C4<0>;
L_0x125137ef0 .functor AND 1, L_0x125137c80, L_0x125137e80, C4<1>, C4<1>;
L_0x1251380c0 .functor AND 1, L_0x125137ef0, L_0x125138020, C4<1>, C4<1>;
v0x12512b170_0 .net "A", 31 0, v0x1251311f0_0;  1 drivers
v0x12512b230_0 .net "Add_Carry", 0 0, L_0x125137480;  1 drivers
v0x12512b2d0_0 .net "Add_Overflow", 0 0, L_0x1251381b0;  1 drivers
v0x12512b360_0 .net "Add_Sign", 0 0, L_0x125138370;  1 drivers
L_0x1080402e0 .functor BUFT 1, C4<00000000000000000000000000000100>, C4<0>, C4<0>, C4<0>;
v0x12512b400_0 .net "B", 31 0, L_0x1080402e0;  1 drivers
v0x12512b4f0_0 .net "C32", 0 0, L_0x125136d70;  1 drivers
v0x12512b590_0 .net "S", 31 0, L_0x125136e10;  alias, 1 drivers
v0x12512b640_0 .net "Zero", 0 0, L_0x125137530;  1 drivers
v0x12512b6e0_0 .net *"_ivl_11", 32 0, L_0x125136fd0;  1 drivers
L_0x108040d90 .functor BUFT 1, C4<0000000000000000000000000000000z>, C4<0>, C4<0>, C4<0>;
v0x12512b7f0_0 .net *"_ivl_13", 31 0, L_0x108040d90;  1 drivers
L_0x108040208 .functor BUFT 1, C4<00000000000000000000000000000001>, C4<0>, C4<0>, C4<0>;
v0x12512b8a0_0 .net/2u *"_ivl_17", 31 0, L_0x108040208;  1 drivers
v0x12512b950_0 .net *"_ivl_19", 0 0, L_0x1251370d0;  1 drivers
v0x12512b9f0_0 .net/2u *"_ivl_21", 32 0, L_0x1251371a0;  1 drivers
L_0x108040250 .functor BUFT 1, C4<00000000000000000000000000000000>, C4<0>, C4<0>, C4<0>;
v0x12512baa0_0 .net/2u *"_ivl_24", 31 0, L_0x108040250;  1 drivers
v0x12512bb50_0 .net *"_ivl_25", 32 0, L_0x125137340;  1 drivers
L_0x108040298 .functor BUFT 1, C4<00000000000000000000000000000000>, C4<0>, C4<0>, C4<0>;
v0x12512bc00_0 .net/2u *"_ivl_29", 31 0, L_0x108040298;  1 drivers
v0x12512bcb0_0 .net *"_ivl_3", 32 0, L_0x125136f30;  1 drivers
v0x12512be40_0 .net *"_ivl_34", 0 0, L_0x125137610;  1 drivers
v0x12512bed0_0 .net *"_ivl_36", 0 0, L_0x125137800;  1 drivers
v0x12512bf80_0 .net *"_ivl_37", 0 0, L_0x125136330;  1 drivers
v0x12512c030_0 .net *"_ivl_40", 0 0, L_0x125137940;  1 drivers
v0x12512c0e0_0 .net *"_ivl_41", 0 0, L_0x125137a40;  1 drivers
v0x12512c190_0 .net *"_ivl_43", 0 0, L_0x125137ab0;  1 drivers
v0x12512c240_0 .net *"_ivl_46", 0 0, L_0x125137be0;  1 drivers
v0x12512c2f0_0 .net *"_ivl_47", 0 0, L_0x125137c80;  1 drivers
v0x12512c3a0_0 .net *"_ivl_50", 0 0, L_0x125137d30;  1 drivers
v0x12512c450_0 .net *"_ivl_51", 0 0, L_0x125137e80;  1 drivers
v0x12512c500_0 .net *"_ivl_53", 0 0, L_0x125137ef0;  1 drivers
v0x12512c5b0_0 .net *"_ivl_56", 0 0, L_0x125138020;  1 drivers
v0x12512c660_0 .net *"_ivl_57", 0 0, L_0x1251380c0;  1 drivers
L_0x1080401c0 .functor BUFT 1, C4<0>, C4<0>, C4<0>, C4<0>;
v0x12512c710_0 .net *"_ivl_6", 0 0, L_0x1080401c0;  1 drivers
L_0x108040d48 .functor BUFT 1, C4<000000000000000000000000000000100>, C4<0>, C4<0>, C4<0>;
v0x12512c7c0_0 .net *"_ivl_7", 32 0, L_0x108040d48;  1 drivers
v0x12512c870_0 .net "c0", 0 0, o0x10800e070;  0 drivers
L_0x125136d70 .part L_0x125137340, 32, 1;
L_0x125136e10 .part L_0x125137340, 0, 32;
L_0x125136f30 .concat [ 32 1 0 0], v0x1251311f0_0, L_0x1080401c0;
L_0x125136fd0 .arith/sum 33, L_0x125136f30, L_0x108040d48;
L_0x1251370d0 .cmp/eeq 32, L_0x108040d90, L_0x108040208;
L_0x1251371a0 .concat [ 1 32 0 0], L_0x1251370d0, L_0x108040250;
L_0x125137340 .arith/sum 33, L_0x125136fd0, L_0x1251371a0;
L_0x125137530 .cmp/eq 32, L_0x125136e10, L_0x108040298;
L_0x125137610 .part v0x1251311f0_0, 31, 1;
L_0x125137800 .part L_0x1080402e0, 31, 1;
L_0x125137940 .part L_0x125136e10, 31, 1;
L_0x125137be0 .part v0x1251311f0_0, 31, 1;
L_0x125137d30 .part L_0x1080402e0, 31, 1;
L_0x125138020 .part L_0x125136e10, 31, 1;
L_0x1251381b0 .arith/sum 1, L_0x125137ab0, L_0x1251380c0;
L_0x125138370 .part L_0x125136e10, 31, 1;
S_0x12512cb00 .scope module, "add2" "add32_112" 16 45, 11 2 0, S_0x12512ac40;
 .timescale -9 -12;
    .port_info 0 /INPUT 32 "A";
    .port_info 1 /INPUT 32 "B";
    .port_info 2 /INPUT 1 "c0";
    .port_info 3 /OUTPUT 32 "S";
    .port_info 4 /OUTPUT 1 "C32";
    .port_info 5 /OUTPUT 1 "Add_Carry";
    .port_info 6 /OUTPUT 1 "Zero";
    .port_info 7 /OUTPUT 1 "Add_Overflow";
    .port_info 8 /OUTPUT 1 "Add_Sign";
o0x10800e850 .functor BUFZ 1, C4<z>; HiZ drive
L_0x125139320 .functor XOR 1, o0x10800e850, L_0x125138a30, C4<0>, C4<0>;
L_0x125139760 .functor AND 1, L_0x1251395c0, L_0x125139660, C4<1>, C4<1>;
L_0x1251398b0 .functor NOT 1, L_0x125139810, C4<0>, C4<0>, C4<0>;
L_0x125139960 .functor AND 1, L_0x125139760, L_0x1251398b0, C4<1>, C4<1>;
L_0x125139ba0 .functor NOT 1, L_0x125139a90, C4<0>, C4<0>, C4<0>;
L_0x125139cb0 .functor NOT 1, L_0x125139c10, C4<0>, C4<0>, C4<0>;
L_0x125139d60 .functor AND 1, L_0x125139ba0, L_0x125139cb0, C4<1>, C4<1>;
L_0x125139b30 .functor AND 1, L_0x125139d60, L_0x125139eb0, C4<1>, C4<1>;
v0x12512cd50_0 .net "A", 31 0, L_0x125136e10;  alias, 1 drivers
v0x12512cde0_0 .net "Add_Carry", 0 0, L_0x125139320;  1 drivers
v0x12512ce70_0 .net "Add_Overflow", 0 0, L_0x12513a050;  1 drivers
v0x12512cf20_0 .net "Add_Sign", 0 0, L_0x12513a190;  1 drivers
v0x12512cfc0_0 .net "B", 31 0, L_0x125138870;  alias, 1 drivers
v0x12512d0b0_0 .net "C32", 0 0, L_0x125138a30;  1 drivers
v0x12512d150_0 .net "S", 31 0, L_0x125138ad0;  alias, 1 drivers
v0x12512d200_0 .net "Zero", 0 0, L_0x1251394d0;  1 drivers
L_0x1080403b8 .functor BUFT 1, C4<0>, C4<0>, C4<0>, C4<0>;
v0x12512d2a0_0 .net *"_ivl_10", 0 0, L_0x1080403b8;  1 drivers
v0x12512d3b0_0 .net *"_ivl_11", 32 0, L_0x125138e30;  1 drivers
L_0x108040dd8 .functor BUFT 1, C4<0000000000000000000000000000000z>, C4<0>, C4<0>, C4<0>;
v0x12512d460_0 .net *"_ivl_13", 31 0, L_0x108040dd8;  1 drivers
L_0x108040400 .functor BUFT 1, C4<00000000000000000000000000000001>, C4<0>, C4<0>, C4<0>;
v0x12512d510_0 .net/2u *"_ivl_17", 31 0, L_0x108040400;  1 drivers
v0x12512d5c0_0 .net *"_ivl_19", 0 0, L_0x125138fa0;  1 drivers
v0x12512d660_0 .net/2u *"_ivl_21", 32 0, L_0x125139080;  1 drivers
L_0x108040448 .functor BUFT 1, C4<00000000000000000000000000000000>, C4<0>, C4<0>, C4<0>;
v0x12512d710_0 .net/2u *"_ivl_24", 31 0, L_0x108040448;  1 drivers
v0x12512d7c0_0 .net *"_ivl_25", 32 0, L_0x1251391e0;  1 drivers
L_0x108040490 .functor BUFT 1, C4<00000000000000000000000000000000>, C4<0>, C4<0>, C4<0>;
v0x12512d870_0 .net/2u *"_ivl_29", 31 0, L_0x108040490;  1 drivers
v0x12512da00_0 .net *"_ivl_3", 32 0, L_0x125138bb0;  1 drivers
v0x12512da90_0 .net *"_ivl_34", 0 0, L_0x1251395c0;  1 drivers
v0x12512db40_0 .net *"_ivl_36", 0 0, L_0x125139660;  1 drivers
v0x12512dbf0_0 .net *"_ivl_37", 0 0, L_0x125139760;  1 drivers
v0x12512dca0_0 .net *"_ivl_40", 0 0, L_0x125139810;  1 drivers
v0x12512dd50_0 .net *"_ivl_41", 0 0, L_0x1251398b0;  1 drivers
v0x12512de00_0 .net *"_ivl_43", 0 0, L_0x125139960;  1 drivers
v0x12512deb0_0 .net *"_ivl_46", 0 0, L_0x125139a90;  1 drivers
v0x12512df60_0 .net *"_ivl_47", 0 0, L_0x125139ba0;  1 drivers
v0x12512e010_0 .net *"_ivl_50", 0 0, L_0x125139c10;  1 drivers
v0x12512e0c0_0 .net *"_ivl_51", 0 0, L_0x125139cb0;  1 drivers
v0x12512e170_0 .net *"_ivl_53", 0 0, L_0x125139d60;  1 drivers
v0x12512e220_0 .net *"_ivl_56", 0 0, L_0x125139eb0;  1 drivers
v0x12512e2d0_0 .net *"_ivl_57", 0 0, L_0x125139b30;  1 drivers
L_0x108040370 .functor BUFT 1, C4<0>, C4<0>, C4<0>, C4<0>;
v0x12512e380_0 .net *"_ivl_6", 0 0, L_0x108040370;  1 drivers
v0x12512e430_0 .net *"_ivl_7", 32 0, L_0x125138cd0;  1 drivers
v0x12512d920_0 .net "c0", 0 0, o0x10800e850;  0 drivers
L_0x125138a30 .part L_0x1251391e0, 32, 1;
L_0x125138ad0 .part L_0x1251391e0, 0, 32;
L_0x125138bb0 .concat [ 32 1 0 0], L_0x125136e10, L_0x108040370;
L_0x125138cd0 .concat [ 32 1 0 0], L_0x125138870, L_0x1080403b8;
L_0x125138e30 .arith/sum 33, L_0x125138bb0, L_0x125138cd0;
L_0x125138fa0 .cmp/eeq 32, L_0x108040dd8, L_0x108040400;
L_0x125139080 .concat [ 1 32 0 0], L_0x125138fa0, L_0x108040448;
L_0x1251391e0 .arith/sum 33, L_0x125138e30, L_0x125139080;
L_0x1251394d0 .cmp/eq 32, L_0x125138ad0, L_0x108040490;
L_0x1251395c0 .part L_0x125136e10, 31, 1;
L_0x125139660 .part L_0x125138870, 31, 1;
L_0x125139810 .part L_0x125138ad0, 31, 1;
L_0x125139a90 .part L_0x125136e10, 31, 1;
L_0x125139c10 .part L_0x125138870, 31, 1;
L_0x125139eb0 .part L_0x125138ad0, 31, 1;
L_0x12513a050 .arith/sum 1, L_0x125139960, L_0x125139b30;
L_0x12513a190 .part L_0x125138ad0, 31, 1;
S_0x12512e760 .scope module, "mem" "mem_112" 16 20, 17 2 0, S_0x12512ac40;
 .timescale -9 -12;
    .port_info 0 /INPUT 32 "addr";
    .port_info 1 /OUTPUT 32 "dout";
v0x12512e8d0_0 .net *"_ivl_0", 7 0, L_0x125136150;  1 drivers
v0x12512e960_0 .net *"_ivl_10", 32 0, L_0x1251363b0;  1 drivers
v0x12512ea10_0 .net *"_ivl_12", 7 0, L_0x125136450;  1 drivers
v0x12512ead0_0 .net *"_ivl_14", 32 0, L_0x125136520;  1 drivers
L_0x1080400a0 .functor BUFT 1, C4<0>, C4<0>, C4<0>, C4<0>;
v0x12512eb80_0 .net *"_ivl_17", 0 0, L_0x1080400a0;  1 drivers
L_0x1080400e8 .functor BUFT 1, C4<000000000000000000000000000000010>, C4<0>, C4<0>, C4<0>;
v0x12512ec70_0 .net/2u *"_ivl_18", 32 0, L_0x1080400e8;  1 drivers
v0x12512ed20_0 .net *"_ivl_2", 7 0, L_0x1251361f0;  1 drivers
v0x12512edd0_0 .net *"_ivl_20", 32 0, L_0x125136620;  1 drivers
v0x12512ee80_0 .net *"_ivl_22", 7 0, L_0x1251367e0;  1 drivers
v0x12512ef90_0 .net *"_ivl_24", 32 0, L_0x125136880;  1 drivers
L_0x108040130 .functor BUFT 1, C4<0>, C4<0>, C4<0>, C4<0>;
v0x12512f040_0 .net *"_ivl_27", 0 0, L_0x108040130;  1 drivers
L_0x108040178 .functor BUFT 1, C4<000000000000000000000000000000011>, C4<0>, C4<0>, C4<0>;
v0x12512f0f0_0 .net/2u *"_ivl_28", 32 0, L_0x108040178;  1 drivers
v0x12512f1a0_0 .net *"_ivl_30", 32 0, L_0x1251369b0;  1 drivers
v0x12512f250_0 .net *"_ivl_4", 32 0, L_0x125136290;  1 drivers
L_0x108040010 .functor BUFT 1, C4<0>, C4<0>, C4<0>, C4<0>;
v0x12512f300_0 .net *"_ivl_7", 0 0, L_0x108040010;  1 drivers
L_0x108040058 .functor BUFT 1, C4<000000000000000000000000000000001>, C4<0>, C4<0>, C4<0>;
v0x12512f3b0_0 .net/2u *"_ivl_8", 32 0, L_0x108040058;  1 drivers
v0x12512f460_0 .net "addr", 31 0, v0x1251311f0_0;  alias, 1 drivers
v0x12512f5f0_0 .net "dout", 31 0, L_0x125136b30;  alias, 1 drivers
v0x12512f680 .array "mem", 1023 0, 7 0;
L_0x125136150 .array/port v0x12512f680, v0x1251311f0_0;
L_0x1251361f0 .array/port v0x12512f680, L_0x1251363b0;
L_0x125136290 .concat [ 32 1 0 0], v0x1251311f0_0, L_0x108040010;
L_0x1251363b0 .arith/sum 33, L_0x125136290, L_0x108040058;
L_0x125136450 .array/port v0x12512f680, L_0x125136620;
L_0x125136520 .concat [ 32 1 0 0], v0x1251311f0_0, L_0x1080400a0;
L_0x125136620 .arith/sum 33, L_0x125136520, L_0x1080400e8;
L_0x1251367e0 .array/port v0x12512f680, L_0x1251369b0;
L_0x125136880 .concat [ 32 1 0 0], v0x1251311f0_0, L_0x108040130;
L_0x1251369b0 .arith/sum 33, L_0x125136880, L_0x108040178;
L_0x125136b30 .concat [ 8 8 8 8], L_0x1251367e0, L_0x125136450, L_0x1251361f0, L_0x125136150;
S_0x12512f710 .scope module, "mux1" "mux2_112" 16 58, 7 1 0, S_0x12512ac40;
 .timescale -9 -12;
    .port_info 0 /INPUT 32 "a";
    .port_info 1 /INPUT 32 "b";
    .port_info 2 /INPUT 1 "s";
    .port_info 3 /OUTPUT 32 "y";
P_0x12512ef50 .param/l "WITDH" 0 7 1, +C4<00000000000000000000000000100000>;
v0x12512fa30_0 .net *"_ivl_0", 31 0, L_0x12513a2c0;  1 drivers
L_0x1080404d8 .functor BUFT 1, C4<0000000000000000000000000000000>, C4<0>, C4<0>, C4<0>;
v0x12512fae0_0 .net *"_ivl_3", 30 0, L_0x1080404d8;  1 drivers
L_0x108040520 .functor BUFT 1, C4<00000000000000000000000000000000>, C4<0>, C4<0>, C4<0>;
v0x12512fb80_0 .net/2u *"_ivl_4", 31 0, L_0x108040520;  1 drivers
v0x12512fc10_0 .net *"_ivl_6", 0 0, L_0x12513a360;  1 drivers
v0x12512fca0_0 .net "a", 31 0, L_0x125136e10;  alias, 1 drivers
v0x12512fdb0_0 .net "b", 31 0, L_0x125138ad0;  alias, 1 drivers
v0x12512fe40_0 .net "s", 0 0, L_0x12513a660;  1 drivers
v0x12512fed0_0 .net "y", 31 0, L_0x12513a480;  alias, 1 drivers
L_0x12513a2c0 .concat [ 1 31 0 0], L_0x12513a660, L_0x1080404d8;
L_0x12513a360 .cmp/eq 32, L_0x12513a2c0, L_0x108040520;
L_0x12513a480 .functor MUXZ 32, L_0x125138ad0, L_0x125136e10, L_0x12513a360, C4<>;
S_0x12512ffb0 .scope module, "mux2" "mux2_112" 16 68, 7 1 0, S_0x12512ac40;
 .timescale -9 -12;
    .port_info 0 /INPUT 32 "a";
    .port_info 1 /INPUT 32 "b";
    .port_info 2 /INPUT 1 "s";
    .port_info 3 /OUTPUT 32 "y";
P_0x1251301b0 .param/l "WITDH" 0 7 1, +C4<00000000000000000000000000100000>;
v0x125130310_0 .net *"_ivl_0", 31 0, L_0x12513a9f0;  1 drivers
L_0x1080405b0 .functor BUFT 1, C4<0000000000000000000000000000000>, C4<0>, C4<0>, C4<0>;
v0x1251303d0_0 .net *"_ivl_3", 30 0, L_0x1080405b0;  1 drivers
L_0x1080405f8 .functor BUFT 1, C4<00000000000000000000000000000000>, C4<0>, C4<0>, C4<0>;
v0x125130470_0 .net/2u *"_ivl_4", 31 0, L_0x1080405f8;  1 drivers
v0x125130500_0 .net *"_ivl_6", 0 0, L_0x12513aad0;  1 drivers
v0x125130590_0 .net "a", 31 0, L_0x12513a480;  alias, 1 drivers
v0x125130660_0 .net "b", 31 0, L_0x12513a850;  alias, 1 drivers
v0x1251306f0_0 .net "s", 0 0, L_0x12514acc0;  alias, 1 drivers
v0x1251307c0_0 .net "y", 31 0, L_0x12513abf0;  alias, 1 drivers
L_0x12513a9f0 .concat [ 1 31 0 0], L_0x12514acc0, L_0x1080405b0;
L_0x12513aad0 .cmp/eq 32, L_0x12513a9f0, L_0x1080405f8;
L_0x12513abf0 .functor MUXZ 32, L_0x12513a850, L_0x12513a480, L_0x12513aad0, C4<>;
S_0x1251308a0 .scope module, "sext" "sext_112" 16 39, 18 1 0, S_0x12512ac40;
 .timescale -9 -12;
    .port_info 0 /INPUT 16 "A";
    .port_info 1 /OUTPUT 32 "B";
v0x125130aa0_0 .net "A", 15 0, L_0x125138990;  1 drivers
v0x125130b60_0 .net "B", 31 0, L_0x125138870;  alias, 1 drivers
L_0x108040328 .functor BUFT 1, C4<00>, C4<0>, C4<0>, C4<0>;
v0x125130c00_0 .net/2u *"_ivl_11", 1 0, L_0x108040328;  1 drivers
v0x125130cb0_0 .net *"_ivl_3", 0 0, L_0x125138510;  1 drivers
v0x125130d60_0 .net *"_ivl_4", 13 0, L_0x1251385b0;  1 drivers
v0x125130e50_0 .net *"_ivl_6", 29 0, L_0x1251387d0;  1 drivers
L_0x125138510 .part L_0x125138990, 15, 1;
LS_0x1251385b0_0_0 .concat [ 1 1 1 1], L_0x125138510, L_0x125138510, L_0x125138510, L_0x125138510;
LS_0x1251385b0_0_4 .concat [ 1 1 1 1], L_0x125138510, L_0x125138510, L_0x125138510, L_0x125138510;
LS_0x1251385b0_0_8 .concat [ 1 1 1 1], L_0x125138510, L_0x125138510, L_0x125138510, L_0x125138510;
LS_0x1251385b0_0_12 .concat [ 1 1 0 0], L_0x125138510, L_0x125138510;
L_0x1251385b0 .concat [ 4 4 4 2], LS_0x1251385b0_0_0, LS_0x1251385b0_0_4, LS_0x1251385b0_0_8, LS_0x1251385b0_0_12;
L_0x1251387d0 .concat [ 16 14 0 0], L_0x125138990, L_0x1251385b0;
L_0x125138870 .concat8 [ 2 30 0 0], L_0x108040328, L_0x1251387d0;
S_0x125131a70 .scope module, "mux1" "mux2_112" 8 41, 7 1 0, S_0x125123c00;
 .timescale -9 -12;
    .port_info 0 /INPUT 5 "a";
    .port_info 1 /INPUT 5 "b";
    .port_info 2 /INPUT 1 "s";
    .port_info 3 /OUTPUT 5 "y";
P_0x125131c70 .param/l "WITDH" 0 7 1, +C4<00000000000000000000000000000101>;
v0x125131dd0_0 .net *"_ivl_0", 31 0, L_0x12513b070;  1 drivers
L_0x108040640 .functor BUFT 1, C4<0000000000000000000000000000000>, C4<0>, C4<0>, C4<0>;
v0x125131e60_0 .net *"_ivl_3", 30 0, L_0x108040640;  1 drivers
L_0x108040688 .functor BUFT 1, C4<00000000000000000000000000000000>, C4<0>, C4<0>, C4<0>;
v0x125131f00_0 .net/2u *"_ivl_4", 31 0, L_0x108040688;  1 drivers
v0x125131f90_0 .net *"_ivl_6", 0 0, L_0x12513b110;  1 drivers
v0x125132020_0 .net "a", 4 0, L_0x12513ae30;  alias, 1 drivers
v0x1251320f0_0 .net "b", 4 0, L_0x12513afd0;  alias, 1 drivers
v0x125132190_0 .net "s", 0 0, L_0x125141120;  alias, 1 drivers
v0x125132260_0 .net "y", 4 0, L_0x12513b1f0;  alias, 1 drivers
L_0x12513b070 .concat [ 1 31 0 0], L_0x125141120, L_0x108040640;
L_0x12513b110 .cmp/eq 32, L_0x12513b070, L_0x108040688;
L_0x12513b1f0 .functor MUXZ 5, L_0x12513afd0, L_0x12513ae30, L_0x12513b110, C4<>;
S_0x125132330 .scope module, "mux2" "mux2_112" 8 68, 7 1 0, S_0x125123c00;
 .timescale -9 -12;
    .port_info 0 /INPUT 32 "a";
    .port_info 1 /INPUT 32 "b";
    .port_info 2 /INPUT 1 "s";
    .port_info 3 /OUTPUT 32 "y";
P_0x1251324f0 .param/l "WITDH" 0 7 1, +C4<00000000000000000000000000100000>;
v0x125132670_0 .net *"_ivl_0", 31 0, L_0x12513c510;  1 drivers
L_0x108040838 .functor BUFT 1, C4<0000000000000000000000000000000>, C4<0>, C4<0>, C4<0>;
v0x125132730_0 .net *"_ivl_3", 30 0, L_0x108040838;  1 drivers
L_0x108040880 .functor BUFT 1, C4<00000000000000000000000000000000>, C4<0>, C4<0>, C4<0>;
v0x1251327d0_0 .net/2u *"_ivl_4", 31 0, L_0x108040880;  1 drivers
v0x125132860_0 .net *"_ivl_6", 0 0, L_0x12513c5f0;  1 drivers
v0x1251328f0_0 .net "a", 31 0, L_0x12513b7c0;  alias, 1 drivers
v0x1251329c0_0 .net "b", 31 0, L_0x12513c2a0;  alias, 1 drivers
v0x125132a50_0 .net "s", 0 0, L_0x125144860;  alias, 1 drivers
v0x125132b20_0 .net "y", 31 0, L_0x12513c710;  alias, 1 drivers
L_0x12513c510 .concat [ 1 31 0 0], L_0x125144860, L_0x108040838;
L_0x12513c5f0 .cmp/eq 32, L_0x12513c510, L_0x108040880;
L_0x12513c710 .functor MUXZ 32, L_0x12513c2a0, L_0x12513b7c0, L_0x12513c5f0, C4<>;
S_0x125132c00 .scope module, "mux3" "mux2_112" 8 95, 7 1 0, S_0x125123c00;
 .timescale -9 -12;
    .port_info 0 /INPUT 32 "a";
    .port_info 1 /INPUT 32 "b";
    .port_info 2 /INPUT 1 "s";
    .port_info 3 /OUTPUT 32 "y";
P_0x125132dc0 .param/l "WITDH" 0 7 1, +C4<00000000000000000000000000100000>;
v0x125132f40_0 .net *"_ivl_0", 31 0, L_0x12513ff60;  1 drivers
L_0x108040c28 .functor BUFT 1, C4<0000000000000000000000000000000>, C4<0>, C4<0>, C4<0>;
v0x125133000_0 .net *"_ivl_3", 30 0, L_0x108040c28;  1 drivers
L_0x108040c70 .functor BUFT 1, C4<00000000000000000000000000000000>, C4<0>, C4<0>, C4<0>;
v0x1251330a0_0 .net/2u *"_ivl_4", 31 0, L_0x108040c70;  1 drivers
v0x125133130_0 .net *"_ivl_6", 0 0, L_0x125140080;  1 drivers
v0x1251331c0_0 .net "a", 31 0, v0x125128af0_0;  alias, 1 drivers
v0x125133290_0 .net "b", 31 0, L_0x12513fef0;  alias, 1 drivers
v0x125133320_0 .net "s", 0 0, L_0x125144cb0;  alias, 1 drivers
v0x1251333f0_0 .net "y", 31 0, L_0x1251401c0;  alias, 1 drivers
L_0x12513ff60 .concat [ 1 31 0 0], L_0x125144cb0, L_0x108040c28;
L_0x125140080 .cmp/eq 32, L_0x12513ff60, L_0x108040c70;
L_0x1251401c0 .functor MUXZ 32, L_0x12513fef0, v0x125128af0_0, L_0x125140080, C4<>;
S_0x1251334c0 .scope module, "regfile" "regFile_112" 8 49, 19 3 0, S_0x125123c00;
 .timescale -9 -12;
    .port_info 0 /INPUT 1 "clk";
    .port_info 1 /INPUT 1 "wEn";
    .port_info 2 /INPUT 5 "Ra";
    .port_info 3 /INPUT 5 "Rb";
    .port_info 4 /INPUT 5 "Rw";
    .port_info 5 /OUTPUT 32 "busA";
    .port_info 6 /OUTPUT 32 "busB";
    .port_info 7 /INPUT 32 "busW";
L_0x12513b4d0 .functor BUFZ 32, L_0x12513b350, C4<00000000000000000000000000000000>, C4<00000000000000000000000000000000>, C4<00000000000000000000000000000000>;
L_0x12513b7c0 .functor BUFZ 32, L_0x12513b5c0, C4<00000000000000000000000000000000>, C4<00000000000000000000000000000000>, C4<00000000000000000000000000000000>;
v0x125133780 .array "R", 31 0, 31 0;
v0x125133830_0 .net "Ra", 4 0, L_0x12513ad90;  alias, 1 drivers
v0x1251338d0_0 .net "Rb", 4 0, L_0x12513ae30;  alias, 1 drivers
v0x1251339a0_0 .net "Rw", 4 0, L_0x12513b1f0;  alias, 1 drivers
v0x125133a50_0 .net *"_ivl_0", 31 0, L_0x12513b350;  1 drivers
v0x125133b20_0 .net *"_ivl_10", 6 0, L_0x12513b680;  1 drivers
L_0x108040718 .functor BUFT 1, C4<00>, C4<0>, C4<0>, C4<0>;
v0x125133bd0_0 .net *"_ivl_13", 1 0, L_0x108040718;  1 drivers
v0x125133c80_0 .net *"_ivl_2", 6 0, L_0x12513b3f0;  1 drivers
L_0x1080406d0 .functor BUFT 1, C4<00>, C4<0>, C4<0>, C4<0>;
v0x125133d30_0 .net *"_ivl_5", 1 0, L_0x1080406d0;  1 drivers
v0x125133e40_0 .net *"_ivl_8", 31 0, L_0x12513b5c0;  1 drivers
v0x125133ef0_0 .net "busA", 31 0, L_0x12513b4d0;  alias, 1 drivers
v0x125133f90_0 .net "busB", 31 0, L_0x12513b7c0;  alias, 1 drivers
v0x125134070_0 .net "busW", 31 0, L_0x1251401c0;  alias, 1 drivers
v0x125134100_0 .net "clk", 0 0, v0x1251360c0_0;  alias, 1 drivers
v0x1251341d0_0 .var/i "i", 31 0;
v0x125134260_0 .net "wEn", 0 0, L_0x12513b960;  1 drivers
L_0x12513b350 .array/port v0x125133780, L_0x12513b3f0;
L_0x12513b3f0 .concat [ 5 2 0 0], L_0x12513ad90, L_0x1080406d0;
L_0x12513b5c0 .array/port v0x125133780, L_0x12513b680;
L_0x12513b680 .concat [ 5 2 0 0], L_0x12513ae30, L_0x108040718;
    .scope S_0x12512e760;
T_0 ;
    %vpi_call 17 11 "$readmemh", "inst.tv", v0x12512f680 {0 0 0};
    %end;
    .thread T_0;
    .scope S_0x12512ac40;
T_1 ;
    %pushi/vec4 0, 0, 32;
    %store/vec4 v0x1251311f0_0, 0, 32;
    %end;
    .thread T_1;
    .scope S_0x12512ac40;
T_2 ;
    %wait E_0x125129b60;
    %load/vec4 v0x125131140_0;
    %cmpi/e 56, 0, 32;
    %jmp/0xz  T_2.0, 4;
    %vpi_call 16 78 "$finish", 32'sb00000000000000000000000000000010 {0 0 0};
T_2.0 ;
    %load/vec4 v0x125131140_0;
    %assign/vec4 v0x1251311f0_0, 0;
    %jmp T_2;
    .thread T_2;
    .scope S_0x1251334c0;
T_3 ;
    %pushi/vec4 0, 0, 32;
    %store/vec4 v0x1251341d0_0, 0, 32;
T_3.0 ;
    %load/vec4 v0x1251341d0_0;
    %cmpi/s 32, 0, 32;
    %jmp/0xz T_3.1, 5;
    %pushi/vec4 0, 0, 32;
    %ix/getv/s 4, v0x1251341d0_0;
    %store/vec4a v0x125133780, 4, 0;
    ; show_stmt_assign_vector: Get l-value for compressed += operand
    %load/vec4 v0x1251341d0_0;
    %pushi/vec4 1, 0, 32;
    %add;
    %store/vec4 v0x1251341d0_0, 0, 32;
    %jmp T_3.0;
T_3.1 ;
    %end;
    .thread T_3;
    .scope S_0x1251334c0;
T_4 ;
    %wait E_0x125129b60;
    %load/vec4 v0x125134260_0;
    %flag_set/vec4 8;
    %jmp/0xz  T_4.0, 8;
    %load/vec4 v0x125134070_0;
    %load/vec4 v0x1251339a0_0;
    %pad/u 7;
    %ix/vec4 4;
    %store/vec4a v0x125133780, 4, 0;
T_4.0 ;
    %vpi_call 19 29 "$display", "-------------------------" {0 0 0};
    %pushi/vec4 0, 0, 32;
    %store/vec4 v0x1251341d0_0, 0, 32;
T_4.2 ;
    %load/vec4 v0x1251341d0_0;
    %cmpi/s 32, 0, 32;
    %jmp/0xz T_4.3, 5;
    %vpi_call 19 32 "$display", "R[%d] = %d", v0x1251341d0_0, &A<v0x125133780, v0x1251341d0_0 > {0 0 0};
    ; show_stmt_assign_vector: Get l-value for compressed += operand
    %load/vec4 v0x1251341d0_0;
    %pushi/vec4 1, 0, 32;
    %add;
    %store/vec4 v0x1251341d0_0, 0, 32;
    %jmp T_4.2;
T_4.3 ;
    %jmp T_4;
    .thread T_4;
    .scope S_0x1251284b0;
T_5 ;
    %wait E_0x1251287a0;
    %load/vec4 v0x125128a40_0;
    %dup/vec4;
    %pushi/vec4 0, 0, 2;
    %cmp/u;
    %jmp/1 T_5.0, 6;
    %dup/vec4;
    %pushi/vec4 1, 0, 2;
    %cmp/u;
    %jmp/1 T_5.1, 6;
    %dup/vec4;
    %pushi/vec4 2, 0, 2;
    %cmp/u;
    %jmp/1 T_5.2, 6;
    %jmp T_5.3;
T_5.0 ;
    %load/vec4 v0x125128800_0;
    %store/vec4 v0x125128af0_0, 0, 32;
    %jmp T_5.3;
T_5.1 ;
    %load/vec4 v0x1251288d0_0;
    %store/vec4 v0x125128af0_0, 0, 32;
    %jmp T_5.3;
T_5.2 ;
    %load/vec4 v0x125128970_0;
    %store/vec4 v0x125128af0_0, 0, 32;
    %jmp T_5.3;
T_5.3 ;
    %pop/vec4 1;
    %jmp T_5;
    .thread T_5, $push;
    .scope S_0x125129920;
T_6 ;
    %wait E_0x125129b60;
    %load/vec4 v0x125129fe0_0;
    %flag_set/vec4 8;
    %jmp/0xz  T_6.0, 8;
    %load/vec4 v0x125129e60_0;
    %ix/getv 3, v0x125129cd0_0;
    %ix/load 4, 0, 0; Constant delay
    %assign/vec4/a/d v0x125129b90, 0, 4;
T_6.0 ;
    %jmp T_6;
    .thread T_6;
    .scope S_0x1251043e0;
T_7 ;
    %pushi/vec4 0, 0, 1;
    %store/vec4 v0x1251360c0_0, 0, 1;
    %end;
    .thread T_7;
    .scope S_0x1251043e0;
T_8 ;
T_8.0 ;
    %delay 5000, 0;
    %load/vec4 v0x1251360c0_0;
    %inv;
    %store/vec4 v0x1251360c0_0, 0, 1;
    %jmp T_8.0;
    %end;
    .thread T_8;
# The file index is used to find the file name in the following table.
:file_names 20;
    "N/A";
    "<interactive>";
    "tb_singleCPU_112.v";
    "./singleCPU_112.v";
    "./control_112.v";
    "./ALUControl_112.v";
    "./centerControl_112.v";
    "./mux2_112.v";
    "./dataPath_112.v";
    "./ALU_112.v";
    "./ALUctrProcess_112.v";
    "./add32_112.v";
    "./extForSUBctr_112.v";
    "./mux3_112.v";
    "./dataMem_112.v";
    "./ext_112.v";
    "./getInstruction_112.v";
    "./mem_112.v";
    "./sext_112.v";
    "./regFile_112.v";
